<?xml version="1.0" encoding="UTF-8"?>
<testsuites>
  <testsuite name="auth_test" tests="5" failures="1" errors="0" skipped="1">
    <testcase name="test_REQ_p00001_user_authentication" classname="auth_test" time="0.5"/>
    <testcase name="test_REQ_p00001_B_stores_password_hash" classname="auth_test" time="0.3">
      <failure message="AssertionError: Expected hash to match">
        Traceback (most recent call last):
          File "auth_test.py", line 15
        AssertionError: Expected hash to match
      </failure>
    </testcase>
    <testcase name="test_d00001_basic_functionality" classname="auth_test" time="0.2"/>
    <testcase name="test_REQ_o00001_operations_check" classname="auth_test" time="0.1"/>
    <testcase name="test_skipped_feature" classname="auth_test" time="0.0">
      <skipped message="Feature not implemented"/>
    </testcase>
  </testsuite>
</testsuites>
