<?xml version="1.0" encoding="utf-8"?><testsuites name="pytest tests"><testsuite name="pytest" errors="0" failures="0" skipped="0" tests="1560" time="8.518" timestamp="2026-02-11T21:52:34.003062-08:00" hostname="spirit"><testcase classname="tests.commands.test_hash_update.TestUpdateHashInFile" name="test_REQ_p00004_A_updates_hash_in_file" time="0.008" /><testcase classname="tests.commands.test_hash_update.TestUpdateHashInFile" name="test_REQ_p00004_A_returns_error_when_req_not_found" time="0.006" /><testcase classname="tests.commands.test_hash_update.TestUpdateHashInFile" name="test_REQ_p00004_A_handles_different_title_formats" time="0.001" /><testcase classname="tests.commands.test_hash_update.TestUpdateHashInFile" name="test_REQ_p00004_A_returns_error_when_no_end_marker" time="0.000" /><testcase classname="tests.commands.test_hash_update.TestUpdateHashInFile" name="test_REQ_p00004_A_returns_error_when_end_marker_belongs_to_other_req" time="0.000" /><testcase classname="tests.commands.test_hash_update.TestUpdateHashInFile" name="test_REQ_p00004_A_updates_placeholder_hashes[x-placeholder]" time="0.000" /><testcase classname="tests.commands.test_hash_update.TestUpdateHashInFile" name="test_REQ_p00004_A_updates_placeholder_hashes[todo]" time="0.001" /><testcase classname="tests.commands.test_hash_update.TestUpdateHashInFile" name="test_REQ_p00004_A_updates_placeholder_hashes[underscore]" time="0.000" /><testcase classname="tests.commands.test_hash_update.TestUpdateHashInFile" name="test_REQ_p00004_A_updates_placeholder_hashes[placeholder-word]" time="0.000" /><testcase classname="tests.commands.test_hash_update.TestUpdateHashInFile" name="test_REQ_p00004_A_updates_placeholder_hashes[tbd]" time="0.000" /><testcase classname="tests.commands.test_hash_update.TestUpdateHashesCommand" name="test_REQ_p00001_C_dry_run_shows_changes" time="0.050" /><testcase classname="tests.commands.test_hash_update.TestUpdateHashesCommand" name="test_REQ_p00001_C_updates_all_stale_hashes" time="0.076" /><testcase classname="tests.commands.test_hash_update.TestUpdateHashesCommand" name="test_REQ_p00001_C_updates_specific_requirement" time="0.054" /><testcase classname="tests.commands.test_hash_update.TestUpdateHashesCommand" name="test_REQ_p00001_C_verify_after_update_passes" time="0.091" /><testcase classname="tests.commands.test_hash_update.TestHashComputedFromRawBody" name="test_REQ_p00004_A_hash_includes_intro_text" time="0.048" /><testcase classname="tests.commands.test_hash_update.TestHashComputedFromRawBody" name="test_REQ_p00004_A_hash_changes_when_intro_changes" time="0.091" /><testcase classname="tests.commands.test_hash_update.TestHashCommandOutput" name="test_REQ_p00001_C_verify_shows_run_update_hint" time="0.048" /><testcase classname="tests.commands.test_index_format.TestFormatTable" name="test_REQ_d00052_G_header_cells_are_padded_to_column_width" time="0.000" /><testcase classname="tests.commands.test_index_format.TestFormatTable" name="test_REQ_d00052_G_separator_dashes_match_column_widths" time="0.000" /><testcase classname="tests.commands.test_index_format.TestFormatTable" name="test_REQ_d00052_G_row_cells_are_padded_to_column_width" time="0.000" /><testcase classname="tests.commands.test_index_format.TestFormatTable" name="test_REQ_d00052_G_single_row_table" time="0.000" /><testcase classname="tests.commands.test_index_format.TestFormatTable" name="test_REQ_d00052_G_multiple_rows_produce_correct_line_count" time="0.000" /><testcase classname="tests.commands.test_index_format.TestFormatTable" name="test_REQ_d00052_G_pipes_aligned_across_all_lines" time="0.000" /><testcase classname="tests.commands.test_index_format.TestFormatTable" name="test_REQ_d00052_G_empty_cell_values_padded" time="0.000" /><testcase classname="tests.commands.test_index_format.TestFormatTable" name="test_REQ_d00052_G_header_wider_than_data" time="0.000" /><testcase classname="tests.commands.test_index_format.TestFormatTable" name="test_REQ_d00052_G_exact_format_matches_spec" time="0.000" /><testcase classname="tests.commands.test_index_format.TestMakeRelative" name="test_REQ_d00052_G_relative_to_first_matching_spec_dir" time="0.000" /><testcase classname="tests.commands.test_index_format.TestMakeRelative" name="test_REQ_d00052_G_relative_with_subdirectory" time="0.000" /><testcase classname="tests.commands.test_index_format.TestMakeRelative" name="test_REQ_d00052_G_no_matching_spec_dir_returns_full_path" time="0.000" /><testcase classname="tests.commands.test_index_format.TestMakeRelative" name="test_REQ_d00052_G_empty_path_returns_empty" time="0.000" /><testcase classname="tests.commands.test_index_format.TestMakeRelative" name="test_REQ_d00052_G_multiple_spec_dirs_uses_first_match" time="0.000" /><testcase classname="tests.commands.test_index_format.TestRegenerateIndexAlignment" name="test_REQ_d00052_G_regenerated_tables_have_aligned_columns" time="0.000" /><testcase classname="tests.commands.test_index_format.TestRegenerateIndexAlignment" name="test_REQ_d00052_G_regenerated_header_is_padded" time="0.000" /><testcase classname="tests.commands.test_index_format.TestRegenerateIndexAlignment" name="test_REQ_d00052_G_regenerated_separator_uses_dashes" time="0.000" /><testcase classname="tests.commands.test_index_format.TestRegenerateIndexAlignment" name="test_REQ_d00052_G_jny_table_also_aligned" time="0.000" /><testcase classname="tests.commands.test_index_format.TestRegenerateIndexAlignment" name="test_REQ_d00052_G_regenerated_content_still_has_correct_data" time="0.000" /><testcase classname="tests.commands.test_index_format.TestRegenerateIndexAlignment" name="test_REQ_d00052_G_multi_level_tables_each_aligned_independently" time="0.000" /><testcase classname="tests.commands.test_index_format.TestRegenerateIndexAlignment" name="test_REQ_d00052_G_jny_addresses_column_included_and_aligned" time="0.000" /><testcase classname="tests.commands.test_index_jny.TestIndexRegenerateJNY" name="test_REQ_o00050_C_regenerate_includes_jny_section" time="0.000" /><testcase classname="tests.commands.test_index_jny.TestIndexRegenerateJNY" name="test_REQ_o00050_C_regenerate_jny_has_addresses_column" time="0.000" /><testcase classname="tests.commands.test_index_jny.TestIndexRegenerateJNY" name="test_REQ_o00050_C_regenerate_jny_multiple_addresses" time="0.000" /><testcase classname="tests.commands.test_index_jny.TestIndexRegenerateJNY" name="test_REQ_o00050_C_regenerate_no_jny_skips_section" time="0.000" /><testcase classname="tests.commands.test_index_jny.TestIndexValidateJNY" name="test_REQ_o00050_C_validate_detects_missing_jny" time="0.001" /><testcase classname="tests.commands.test_index_jny.TestIndexValidateJNY" name="test_REQ_o00050_C_validate_passes_with_all_jnys" time="0.000" /><testcase classname="tests.commands.test_index_jny.TestIndexValidateJNY" name="test_REQ_o00050_C_validate_detects_extra_jny" time="0.000" /><testcase classname="tests.commands.test_install_cmd.TestDetectTool" name="test_REQ_p00001_A_finds_pipx_first" time="0.000" /><testcase classname="tests.commands.test_install_cmd.TestDetectTool" name="test_REQ_p00001_A_falls_back_to_uv" time="0.000" /><testcase classname="tests.commands.test_install_cmd.TestDetectTool" name="test_REQ_p00001_A_returns_none_when_neither" time="0.000" /><testcase classname="tests.commands.test_install_cmd.TestDetectTool" name="test_REQ_p00001_A_preferred_overrides" time="0.000" /><testcase classname="tests.commands.test_install_cmd.TestDetectTool" name="test_REQ_p00001_A_preferred_not_found" time="0.000" /><testcase classname="tests.commands.test_install_cmd.TestFindSourceRoot" name="test_REQ_p00001_A_finds_real_source_root" time="0.009" /><testcase classname="tests.commands.test_install_cmd.TestFindSourceRoot" name="test_REQ_p00001_A_override_valid_project" time="0.000" /><testcase classname="tests.commands.test_install_cmd.TestFindSourceRoot" name="test_REQ_p00001_A_override_non_elspais_returns_none" time="0.000" /><testcase classname="tests.commands.test_install_cmd.TestFindSourceRoot" name="test_REQ_p00001_A_override_nonexistent_returns_none" time="0.000" /><testcase classname="tests.commands.test_install_cmd.TestIsElspaisProject" name="test_REQ_p00001_A_valid_elspais" time="0.000" /><testcase classname="tests.commands.test_install_cmd.TestIsElspaisProject" name="test_REQ_p00001_A_wrong_name" time="0.000" /><testcase classname="tests.commands.test_install_cmd.TestIsElspaisProject" name="test_REQ_p00001_A_missing_file" time="0.000" /><testcase classname="tests.commands.test_install_cmd.TestIsElspaisProject" name="test_REQ_p00001_A_invalid_toml" time="0.000" /><testcase classname="tests.commands.test_install_cmd.TestDetectInstalledExtras" name="test_REQ_p00001_A_all_extras_available" time="0.000" /><testcase classname="tests.commands.test_install_cmd.TestDetectInstalledExtras" name="test_REQ_p00001_A_only_mcp_available" time="0.000" /><testcase classname="tests.commands.test_install_cmd.TestDetectInstalledExtras" name="test_REQ_p00001_A_nothing_available" time="0.000" /><testcase classname="tests.commands.test_install_cmd.TestDetectInstalledExtras" name="test_REQ_p00001_A_trace_review_dedupes_trace_view" time="0.001" /><testcase classname="tests.commands.test_install_cmd.TestBuildInstallSpec" name="test_REQ_p00001_A_without_extras" time="0.000" /><testcase classname="tests.commands.test_install_cmd.TestBuildInstallSpec" name="test_REQ_p00001_A_with_empty_extras" time="0.000" /><testcase classname="tests.commands.test_install_cmd.TestBuildInstallSpec" name="test_REQ_p00001_A_with_extras" time="0.000" /><testcase classname="tests.commands.test_install_cmd.TestInstallLocal" name="test_REQ_p00001_A_pipx_two_step" time="0.001" /><testcase classname="tests.commands.test_install_cmd.TestInstallLocal" name="test_REQ_p00001_A_pipx_with_extras" time="0.001" /><testcase classname="tests.commands.test_install_cmd.TestInstallLocal" name="test_REQ_p00001_A_uv_command" time="0.001" /><testcase classname="tests.commands.test_install_cmd.TestInstallLocal" name="test_REQ_p00001_A_pipx_step1_failure_returns_1" time="0.000" /><testcase classname="tests.commands.test_install_cmd.TestInstallLocal" name="test_REQ_p00001_A_pipx_step2_failure_returns_1" time="0.000" /><testcase classname="tests.commands.test_install_cmd.TestInstallLocal" name="test_REQ_p00001_A_unsupported_tool_returns_1" time="0.000" /><testcase classname="tests.commands.test_install_cmd.TestUninstallLocal" name="test_REQ_p00001_A_pipx_uninstalls_then_installs" time="0.001" /><testcase classname="tests.commands.test_install_cmd.TestUninstallLocal" name="test_REQ_p00001_A_uv_uninstalls_then_installs" time="0.000" /><testcase classname="tests.commands.test_install_cmd.TestUninstallLocal" name="test_REQ_p00001_A_with_version" time="0.000" /><testcase classname="tests.commands.test_install_cmd.TestUninstallLocal" name="test_REQ_p00001_A_with_extras" time="0.000" /><testcase classname="tests.commands.test_install_cmd.TestUninstallLocal" name="test_REQ_p00001_A_uninstall_failure_returns_1" time="0.000" /><testcase classname="tests.commands.test_install_cmd.TestUninstallLocal" name="test_REQ_p00001_A_install_failure_returns_1" time="0.000" /><testcase classname="tests.commands.test_install_cmd.TestUninstallLocal" name="test_REQ_p00001_A_unsupported_tool_returns_1" time="0.000" /><testcase classname="tests.commands.test_install_cmd.TestRun" name="test_REQ_p00001_A_dispatches_install_local" time="0.000" /><testcase classname="tests.commands.test_install_cmd.TestRun" name="test_REQ_p00001_A_missing_subcommand_returns_1" time="0.000" /><testcase classname="tests.commands.test_install_cmd.TestRunUninstall" name="test_REQ_p00001_A_dispatches_uninstall_local" time="0.000" /><testcase classname="tests.commands.test_install_cmd.TestRunUninstall" name="test_REQ_p00001_A_missing_subcommand_returns_1" time="0.000" /><testcase classname="tests.commands.test_install_cmd.TestRunInstallLocal" name="test_REQ_p00001_A_no_tool_returns_1" time="0.000" /><testcase classname="tests.commands.test_install_cmd.TestRunInstallLocal" name="test_REQ_p00001_A_preferred_tool_not_found" time="0.000" /><testcase classname="tests.commands.test_install_cmd.TestRunInstallLocal" name="test_REQ_p00001_A_no_source_root_returns_1" time="0.000" /><testcase classname="tests.commands.test_install_cmd.TestRunInstallLocal" name="test_REQ_p00001_A_successful_flow" time="0.000" /><testcase classname="tests.commands.test_install_cmd.TestRunUninstallLocal" name="test_REQ_p00001_A_no_tool_returns_1" time="0.000" /><testcase classname="tests.commands.test_install_cmd.TestRunUninstallLocal" name="test_REQ_p00001_A_successful_flow" time="0.000" /><testcase classname="tests.commands.test_install_cmd.TestParseExtras" name="test_REQ_p00001_A_parses_comma_separated" time="0.000" /><testcase classname="tests.commands.test_install_cmd.TestParseExtras" name="test_REQ_p00001_A_auto_detects" time="0.000" /><testcase classname="tests.commands.test_install_cmd.TestParseExtras" name="test_REQ_p00001_A_returns_none_when_nothing" time="0.000" /><testcase classname="tests.commands.test_install_cmd.TestPatchArgcompleteMarker" name="test_REQ_p00001_A_patches_shebang_script" time="0.001" /><testcase classname="tests.commands.test_install_cmd.TestPatchArgcompleteMarker" name="test_REQ_p00001_A_idempotent" time="0.001" /><testcase classname="tests.commands.test_install_cmd.TestPatchArgcompleteMarker" name="test_REQ_p00001_A_skips_when_not_found" time="0.000" /><testcase classname="tests.commands.test_install_cmd.TestPatchArgcompleteMarker" name="test_REQ_p00001_A_handles_permission_error" time="0.001" /><testcase classname="tests.commands.test_install_cmd.TestPrintShellHint" name="test_REQ_p00001_A_zsh_hint" time="0.001" /><testcase classname="tests.commands.test_install_cmd.TestPrintShellHint" name="test_REQ_p00001_A_bash_hint" time="0.000" /><testcase classname="tests.commands.test_install_cmd.TestPrintShellHint" name="test_REQ_p00001_A_fish_hint" time="0.000" /><testcase classname="tests.commands.test_install_cmd.TestPrintShellHint" name="test_REQ_p00001_A_unknown_shell_hint" time="0.000" /><testcase classname="tests.commands.test_trace_graph_json.TestTraceGraphJsonGitMetrics" name="test_REQ_CUR879_J_graph_json_includes_git_metrics" time="0.049" /><testcase classname="tests.commands.test_validate_export.TestValidateExport" name="test_REQ_CUR879_G_export_outputs_requirement_dict" time="0.007" /><testcase classname="tests.commands.test_validate_export.TestValidateExport" name="test_REQ_CUR879_H_export_includes_hash_and_file" time="0.006" /><testcase classname="tests.commands.test_validate_export.TestValidateJsonStillWorks" name="test_REQ_CUR879_I_json_still_outputs_validation_results" time="0.006" /><testcase classname="tests.commands.test_validate_fix.TestValidateFixDryRun" name="test_dry_run_shows_fixable_issues" time="0.006" /><testcase classname="tests.commands.test_validate_fix.TestValidateFix" name="test_REQ_p00002_C_fix_updates_stale_hashes" time="0.006" /><testcase classname="tests.commands.test_validate_fix.TestValidateFix" name="test_REQ_p00002_C_after_fix_validation_passes" time="0.007" /><testcase classname="tests.commands.test_validate_fix.TestAddStatusToFile" name="test_REQ_p00002_A_adds_status_when_missing" time="0.001" /><testcase classname="tests.commands.test_validate_fix.TestAddStatusToFile" name="test_REQ_p00002_A_returns_error_when_status_exists" time="0.000" /><testcase classname="tests.core.test_annotators.TestAnnotateGitState" name="test_REQ_d00050_E_git_state_is_idempotent" time="0.000" /><testcase classname="tests.core.test_annotators.TestAnnotateGitState" name="test_annotates_uncommitted" time="0.000" /><testcase classname="tests.core.test_annotators.TestAnnotateGitState" name="test_annotates_untracked" time="0.000" /><testcase classname="tests.core.test_annotators.TestAnnotateGitState" name="test_annotates_branch_changed" time="0.000" /><testcase classname="tests.core.test_annotators.TestAnnotateGitState" name="test_annotates_moved" time="0.000" /><testcase classname="tests.core.test_annotators.TestAnnotateGitState" name="test_defaults_to_false" time="0.000" /><testcase classname="tests.core.test_annotators.TestAnnotateGitState" name="test_skips_non_requirement_nodes" time="0.000" /><testcase classname="tests.core.test_annotators.TestAnnotateGitState" name="test_handles_assertion_id_format" time="0.000" /><testcase classname="tests.core.test_annotators.TestAnnotateDisplayInfo" name="test_REQ_d00050_E_display_info_is_idempotent" time="0.000" /><testcase classname="tests.core.test_annotators.TestAnnotateDisplayInfo" name="test_annotates_roadmap" time="0.000" /><testcase classname="tests.core.test_annotators.TestAnnotateDisplayInfo" name="test_annotates_not_roadmap" time="0.000" /><testcase classname="tests.core.test_annotators.TestAnnotateDisplayInfo" name="test_annotates_conflict" time="0.000" /><testcase classname="tests.core.test_annotators.TestAnnotateDisplayInfo" name="test_annotates_display_filename" time="0.000" /><testcase classname="tests.core.test_annotators.TestAnnotateDisplayInfo" name="test_annotates_repo_prefix" time="0.000" /><testcase classname="tests.core.test_annotators.TestAnnotateDisplayInfo" name="test_defaults_to_core_prefix" time="0.000" /><testcase classname="tests.core.test_annotators.TestAnnotateImplementationFiles" name="test_adds_implementation_files" time="0.000" /><testcase classname="tests.core.test_annotators.TestAnnotateImplementationFiles" name="test_appends_to_existing" time="0.000" /><testcase classname="tests.core.test_annotators.TestCountByLevel" name="test_counts_by_level" time="0.000" /><testcase classname="tests.core.test_annotators.TestCountByRepo" name="test_counts_by_repo" time="0.000" /><testcase classname="tests.core.test_annotators.TestCountImplementationFiles" name="test_counts_total_files" time="0.000" /><testcase classname="tests.core.test_annotators.TestCollectTopics" name="test_collects_topics_from_filenames" time="0.000" /><testcase classname="tests.core.test_annotators.TestGetImplementationStatus" name="test_full_coverage" time="0.000" /><testcase classname="tests.core.test_annotators.TestGetImplementationStatus" name="test_partial_coverage" time="0.000" /><testcase classname="tests.core.test_annotators.TestGetImplementationStatus" name="test_unimplemented" time="0.000" /><testcase classname="tests.core.test_annotators.TestGetImplementationStatus" name="test_defaults_to_unimplemented" time="0.000" /><testcase classname="tests.core.test_annotators.TestGetImplementationStatus" name="test_boundary_99_is_partial" time="0.000" /><testcase classname="tests.core.test_annotators.TestGetImplementationStatus" name="test_boundary_1_is_partial" time="0.000" /><testcase classname="tests.core.test_annotators.TestAggregateIterationBehavior" name="test_REQ_d00051_F_count_by_level_uses_all_nodes" time="0.000" /><testcase classname="tests.core.test_annotators.TestAggregateIterationBehavior" name="test_REQ_d00051_F_count_by_repo_uses_all_nodes" time="0.000" /><testcase classname="tests.core.test_annotators.TestAggregateIterationBehavior" name="test_REQ_d00051_F_collect_topics_uses_all_nodes" time="0.000" /><testcase classname="tests.core.test_annotators.TestAnnotateGraphGitState" name="test_REQ_CUR879_A_annotate_graph_git_state_annotates_all_nodes" time="0.000" /><testcase classname="tests.core.test_annotators.TestAnnotateGraphGitState" name="test_REQ_CUR879_B_annotate_graph_git_state_fails_silently" time="0.000" /><testcase classname="tests.core.test_annotators.TestAnnotateGraphGitState" name="test_annotate_graph_git_state_skips_when_no_repo_root" time="0.000" /><testcase classname="tests.core.test_assertion_mutations.TestRenameAssertion" name="test_REQ_o00062_B_rename_updates_assertion_id_and_label" time="0.000" /><testcase classname="tests.core.test_assertion_mutations.TestRenameAssertion" name="test_rename_not_found" time="0.000" /><testcase classname="tests.core.test_assertion_mutations.TestRenameAssertion" name="test_rename_not_assertion" time="0.000" /><testcase classname="tests.core.test_assertion_mutations.TestRenameAssertion" name="test_rename_conflict" time="0.000" /><testcase classname="tests.core.test_assertion_mutations.TestRenameAssertion" name="test_rename_updates_edges" time="0.000" /><testcase classname="tests.core.test_assertion_mutations.TestRenameAssertion" name="test_rename_affects_hash" time="0.000" /><testcase classname="tests.core.test_assertion_mutations.TestRenameAssertion" name="test_rename_logs_mutation" time="0.000" /><testcase classname="tests.core.test_assertion_mutations.TestRenameAssertion" name="test_rename_undo" time="0.000" /><testcase classname="tests.core.test_assertion_mutations.TestRenameAssertion" name="test_rename_undo_restores_edges" time="0.000" /><testcase classname="tests.core.test_assertion_mutations.TestUpdateAssertion" name="test_REQ_o00062_B_update_assertion_text" time="0.000" /><testcase classname="tests.core.test_assertion_mutations.TestUpdateAssertion" name="test_update_not_found" time="0.000" /><testcase classname="tests.core.test_assertion_mutations.TestUpdateAssertion" name="test_update_not_assertion" time="0.000" /><testcase classname="tests.core.test_assertion_mutations.TestUpdateAssertion" name="test_update_changes_hash" time="0.000" /><testcase classname="tests.core.test_assertion_mutations.TestUpdateAssertion" name="test_update_affects_hash" time="0.000" /><testcase classname="tests.core.test_assertion_mutations.TestUpdateAssertion" name="test_update_logs_mutation" time="0.000" /><testcase classname="tests.core.test_assertion_mutations.TestUpdateAssertion" name="test_update_undo" time="0.000" /><testcase classname="tests.core.test_assertion_mutations.TestAddAssertion" name="test_REQ_o00062_B_add_creates_new_assertion" time="0.000" /><testcase classname="tests.core.test_assertion_mutations.TestAddAssertion" name="test_add_links_to_parent" time="0.000" /><testcase classname="tests.core.test_assertion_mutations.TestAddAssertion" name="test_add_not_found" time="0.000" /><testcase classname="tests.core.test_assertion_mutations.TestAddAssertion" name="test_add_not_requirement" time="0.000" /><testcase classname="tests.core.test_assertion_mutations.TestAddAssertion" name="test_add_duplicate" time="0.000" /><testcase classname="tests.core.test_assertion_mutations.TestAddAssertion" name="test_add_changes_hash" time="0.000" /><testcase classname="tests.core.test_assertion_mutations.TestAddAssertion" name="test_add_affects_hash" time="0.000" /><testcase classname="tests.core.test_assertion_mutations.TestAddAssertion" name="test_add_logs_mutation" time="0.000" /><testcase classname="tests.core.test_assertion_mutations.TestAddAssertion" name="test_add_undo" time="0.000" /><testcase classname="tests.core.test_assertion_mutations.TestDeleteAssertion" name="test_REQ_o00062_B_delete_removes_and_preserves" time="0.000" /><testcase classname="tests.core.test_assertion_mutations.TestDeleteAssertion" name="test_delete_not_found" time="0.000" /><testcase classname="tests.core.test_assertion_mutations.TestDeleteAssertion" name="test_delete_not_assertion" time="0.000" /><testcase classname="tests.core.test_assertion_mutations.TestDeleteAssertion" name="test_delete_preserves_in_deleted_nodes" time="0.000" /><testcase classname="tests.core.test_assertion_mutations.TestDeleteAssertion" name="test_delete_with_compact" time="0.000" /><testcase classname="tests.core.test_assertion_mutations.TestDeleteAssertion" name="test_delete_without_compact" time="0.000" /><testcase classname="tests.core.test_assertion_mutations.TestDeleteAssertion" name="test_delete_removes_edges" time="0.000" /><testcase classname="tests.core.test_assertion_mutations.TestDeleteAssertion" name="test_delete_changes_hash" time="0.000" /><testcase classname="tests.core.test_assertion_mutations.TestDeleteAssertion" name="test_delete_affects_hash" time="0.000" /><testcase classname="tests.core.test_assertion_mutations.TestDeleteAssertion" name="test_delete_logs_mutation" time="0.000" /><testcase classname="tests.core.test_assertion_mutations.TestDeleteAssertion" name="test_delete_undo_without_compact" time="0.000" /><testcase classname="tests.core.test_assertion_mutations.TestDeleteAssertion" name="test_delete_undo_with_compact" time="0.000" /><testcase classname="tests.core.test_assertion_mutations.TestDeleteAssertion" name="test_delete_first_assertion" time="0.000" /><testcase classname="tests.core.test_assertion_mutations.TestDeleteAssertion" name="test_delete_last_assertion" time="0.000" /><testcase classname="tests.core.test_assertion_mutations.TestMultipleAssertionMutations" name="test_multiple_mutations_logged" time="0.000" /><testcase classname="tests.core.test_assertion_mutations.TestMultipleAssertionMutations" name="test_undo_multiple_in_reverse" time="0.000" /><testcase classname="tests.core.test_builder.TestGraphBuilder" name="test_build_creates_nodes" time="0.000" /><testcase classname="tests.core.test_builder.TestGraphBuilder" name="test_build_creates_assertion_nodes" time="0.000" /><testcase classname="tests.core.test_builder.TestGraphBuilder" name="test_build_links_assertions_to_parent" time="0.000" /><testcase classname="tests.core.test_builder.TestGraphBuilder" name="test_build_creates_implements_edges" time="0.000" /><testcase classname="tests.core.test_builder.TestGraphBuilder" name="test_roots_are_top_level_requirements" time="0.000" /><testcase classname="tests.core.test_builder.TestTraceGraph" name="test_find_by_id" time="0.000" /><testcase classname="tests.core.test_builder.TestTraceGraph" name="test_find_by_id_not_found" time="0.000" /><testcase classname="tests.core.test_builder.TestTraceGraph" name="test_all_nodes_iterator" time="0.000" /><testcase classname="tests.core.test_builder.TestTraceGraph" name="test_nodes_by_kind" time="0.000" /><testcase classname="tests.core.test_builder.TestBuilderContentTypes" name="test_build_creates_journey_nodes" time="0.000" /><testcase classname="tests.core.test_builder.TestBuilderContentTypes" name="test_build_creates_code_ref_nodes" time="0.000" /><testcase classname="tests.core.test_builder.TestBuilderContentTypes" name="test_build_creates_test_ref_nodes" time="0.000" /><testcase classname="tests.core.test_builder.TestBuilderContentTypes" name="test_build_creates_refines_edges" time="0.000" /><testcase classname="tests.core.test_builder.TestBuilderContentTypes" name="test_REQ_d00071_B_build_ignores_missing_targets" time="0.000" /><testcase classname="tests.core.test_builder.TestBuilderContentTypes" name="test_node_content_fields_accessible" time="0.000" /><testcase classname="tests.core.test_builder.TestBuilderContentTypes" name="test_test_result_linked_to_test" time="0.000" /><testcase classname="tests.core.test_builder.TestBuilderContentTypes" name="test_test_result_without_test_id_not_linked" time="0.000" /><testcase classname="tests.core.test_builder.TestTestToRequirementLinking" name="test_test_result_without_scanner_test_is_broken_ref" time="0.000" /><testcase classname="tests.core.test_builder.TestTestToRequirementLinking" name="test_test_with_req_in_name_validates_requirement" time="0.000" /><testcase classname="tests.core.test_builder.TestTestToRequirementLinking" name="test_test_with_assertion_in_name_validates_assertion" time="0.000" /><testcase classname="tests.core.test_builder.TestTestToRequirementLinking" name="test_test_with_multiple_reqs_validates_all" time="0.000" /><testcase classname="tests.core.test_builder.TestTestToRequirementLinking" name="test_multiple_results_share_same_test_node" time="0.000" /><testcase classname="tests.core.test_builder.TestTestToRequirementLinking" name="test_test_without_req_in_name_is_orphan" time="0.000" /><testcase classname="tests.core.test_builder.TestGeneralizedOrphanDetection" name="test_test_with_broken_validates_is_orphan" time="0.000" /><testcase classname="tests.core.test_builder.TestGeneralizedOrphanDetection" name="test_test_with_valid_validates_not_orphan" time="0.000" /><testcase classname="tests.core.test_builder.TestGeneralizedOrphanDetection" name="test_result_without_parent_test_is_orphan" time="0.000" /><testcase classname="tests.core.test_builder.TestGeneralizedOrphanDetection" name="test_result_without_test_id_is_orphan" time="0.000" /><testcase classname="tests.core.test_builder.TestGeneralizedOrphanDetection" name="test_code_with_broken_implements_is_orphan" time="0.000" /><testcase classname="tests.core.test_builder.TestGeneralizedOrphanDetection" name="test_REQ_d00071_B_requirement_without_children_is_orphan" time="0.000" /><testcase classname="tests.core.test_builder.TestGeneralizedOrphanDetection" name="test_result_linked_to_existing_test_not_orphan" time="0.000" /><testcase classname="tests.core.test_builder.TestGeneralizedOrphanDetection" name="test_REQ_d00071_C_req_with_only_assertions_is_orphan" time="0.000" /><testcase classname="tests.core.test_builder.TestGeneralizedOrphanDetection" name="test_REQ_d00071_A_req_with_child_req_is_root" time="0.000" /><testcase classname="tests.core.test_builder.TestGeneralizedOrphanDetection" name="test_REQ_d00071_C_test_with_only_results_is_orphan" time="0.000" /><testcase classname="tests.core.test_builder.TestGeneralizedOrphanDetection" name="test_REQ_d00071_D_journey_with_no_children_is_orphan" time="0.000" /><testcase classname="tests.core.test_builder.TestGeneralizedOrphanDetection" name="test_REQ_d00071_D_journey_with_req_children_is_root" time="0.000" /><testcase classname="tests.core.test_builder.TestGeneralizedOrphanDetection" name="test_REQ_d00071_C_custom_satellite_kinds_override" time="0.000" /><testcase classname="tests.core.test_builder.TestGeneralizedOrphanDetection" name="test_REQ_d00071_C_default_satellite_kinds_unchanged" time="0.000" /><testcase classname="tests.core.test_builder.TestGeneralizedOrphanDetection" name="test_REQ_d00071_C_invalid_satellite_kind_raises_error" time="0.000" /><testcase classname="tests.core.test_builder.TestCanonicalTestIds" name="test_REQ_d00054_A_canonical_id_with_function_name" time="0.000" /><testcase classname="tests.core.test_builder.TestCanonicalTestIds" name="test_REQ_d00054_A_canonical_id_with_class_and_function" time="0.000" /><testcase classname="tests.core.test_builder.TestCanonicalTestIds" name="test_REQ_d00054_A_fallback_to_line_based_id" time="0.000" /><testcase classname="tests.core.test_builder.TestCanonicalTestIds" name="test_REQ_d00054_A_canonical_id_deduplicates" time="0.000" /><testcase classname="tests.core.test_builder.TestCanonicalTestIds" name="test_REQ_d00054_A_canonical_id_relative_to_repo_root" time="0.000" /><testcase classname="tests.core.test_builder.TestAddressesEdges" name="test_REQ_o00050_C_journey_addresses_creates_edge" time="0.000" /><testcase classname="tests.core.test_builder.TestAddressesEdges" name="test_REQ_o00050_C_journey_addresses_missing_target_broken_ref" time="0.000" /><testcase classname="tests.core.test_builder.TestAddressesEdges" name="test_REQ_o00050_C_journey_addresses_multiple_targets" time="0.000" /><testcase classname="tests.core.test_builder.TestAddressesEdges" name="test_REQ_o00050_C_journey_is_orphan_without_children" time="0.000" /><testcase classname="tests.core.test_config.TestConfigLoader" name="test_load_from_dict" time="0.000" /><testcase classname="tests.core.test_config.TestConfigLoader" name="test_get_with_default" time="0.000" /><testcase classname="tests.core.test_config.TestConfigLoader" name="test_get_nested_key" time="0.000" /><testcase classname="tests.core.test_config.TestLoadConfig" name="test_load_from_toml_file" time="0.001" /><testcase classname="tests.core.test_config.TestLoadConfig" name="test_load_applies_defaults" time="0.000" /><testcase classname="tests.core.test_config.TestFindConfigFile" name="test_finds_config_in_current_dir" time="0.000" /><testcase classname="tests.core.test_config.TestFindConfigFile" name="test_returns_none_when_not_found" time="0.000" /><testcase classname="tests.core.test_config.TestFindGitRoot" name="test_finds_git_root_in_current_dir" time="0.000" /><testcase classname="tests.core.test_config.TestFindGitRoot" name="test_finds_git_root_from_subdirectory" time="0.000" /><testcase classname="tests.core.test_config.TestFindGitRoot" name="test_returns_none_when_not_in_repo" time="0.000" /><testcase classname="tests.core.test_config.TestFindGitRoot" name="test_handles_git_worktree_file" time="0.000" /><testcase classname="tests.core.test_config.TestFindGitRoot" name="test_defaults_to_cwd" time="0.000" /><testcase classname="tests.core.test_coverage_metrics.TestCoverageSource" name="test_source_values" time="0.000" /><testcase classname="tests.core.test_coverage_metrics.TestCoverageContribution" name="test_contribution_fields" time="0.000" /><testcase classname="tests.core.test_coverage_metrics.TestRollupMetrics" name="test_default_values" time="0.000" /><testcase classname="tests.core.test_coverage_metrics.TestRollupMetrics" name="test_add_contribution" time="0.000" /><testcase classname="tests.core.test_coverage_metrics.TestRollupMetrics" name="test_finalize_computes_aggregates" time="0.000" /><testcase classname="tests.core.test_coverage_metrics.TestRollupMetrics" name="test_finalize_handles_zero_assertions" time="0.000" /><testcase classname="tests.core.test_coverage_metrics.TestRollupMetrics" name="test_multiple_contributors_same_assertion" time="0.000" /><testcase classname="tests.core.test_coverage_metrics.TestAnnotateCoverageDirect" name="test_direct_coverage_from_test" time="0.000" /><testcase classname="tests.core.test_coverage_metrics.TestAnnotateCoverageDirect" name="test_direct_coverage_from_code" time="0.000" /><testcase classname="tests.core.test_coverage_metrics.TestAnnotateCoverageExplicit" name="test_explicit_coverage_from_req_with_assertion_syntax" time="0.000" /><testcase classname="tests.core.test_coverage_metrics.TestAnnotateCoverageInferred" name="test_inferred_coverage_from_req_implements_parent" time="0.000" /><testcase classname="tests.core.test_coverage_metrics.TestAnnotateCoverageRefines" name="test_refines_does_not_contribute_coverage" time="0.000" /><testcase classname="tests.core.test_coverage_metrics.TestAnnotateCoverageMixed" name="test_mixed_coverage_sources" time="0.000" /><testcase classname="tests.core.test_coverage_metrics.TestUserExample" name="test_user_example_scenario" time="0.000" /><testcase classname="tests.core.test_coverage_metrics.TestNoAssertions" name="test_requirement_with_no_assertions" time="0.000" /><testcase classname="tests.core.test_coverage_metrics.TestCoveragePercentStored" name="test_coverage_pct_stored_in_metrics" time="0.000" /><testcase classname="tests.core.test_coverage_metrics.TestTestSpecificMetrics" name="test_direct_tested_counts_test_coverage" time="0.000" /><testcase classname="tests.core.test_coverage_metrics.TestTestSpecificMetrics" name="test_validated_counts_passing_tests" time="0.000" /><testcase classname="tests.core.test_coverage_metrics.TestTestSpecificMetrics" name="test_has_failures_true_when_test_fails" time="0.000" /><testcase classname="tests.core.test_coverage_metrics.TestTestSpecificMetrics" name="test_has_failures_false_when_all_pass" time="0.000" /><testcase classname="tests.core.test_coverage_metrics.TestTestSpecificMetrics" name="test_no_tests_means_zero_test_metrics" time="0.000" /><testcase classname="tests.core.test_deserializer.test_domain_base.TestDomainContext" name="test_create_minimal" time="0.000" /><testcase classname="tests.core.test_deserializer.test_domain_base.TestDomainContext" name="test_create_with_metadata" time="0.000" /><testcase classname="tests.core.test_deserializer.test_domain_base.TestDomainDeserializerProtocol" name="test_protocol_has_iterate_sources" time="0.000" /><testcase classname="tests.core.test_deserializer.test_domain_base.TestDomainDeserializerProtocol" name="test_protocol_has_deserialize" time="0.000" /><testcase classname="tests.core.test_deserializer.test_domain_file.TestDomainFile" name="test_iterate_sources_single_file" time="0.000" /><testcase classname="tests.core.test_deserializer.test_domain_file.TestDomainFile" name="test_iterate_sources_directory" time="0.000" /><testcase classname="tests.core.test_deserializer.test_domain_file.TestDomainFile" name="test_deserialize_produces_parsed_content" time="0.001" /><testcase classname="tests.core.test_deserializer.test_domain_file.TestDomainFile" name="test_deserialize_includes_file_context" time="0.000" /><testcase classname="tests.core.test_deserializer.test_domain_file.TestDomainFile" name="test_skip_dirs_filters_subdirectories" time="0.000" /><testcase classname="tests.core.test_deserializer.test_domain_file.TestDomainFile" name="test_skip_files_filters_specific_files" time="0.000" /><testcase classname="tests.core.test_deserializer.test_domain_file.TestDomainFile" name="test_skip_dirs_and_files_combined" time="0.000" /><testcase classname="tests.core.test_detection.TestOrphanDetection" name="test_no_orphans_when_all_linked" time="0.000" /><testcase classname="tests.core.test_detection.TestOrphanDetection" name="test_REQ_d00071_B_orphan_without_implements" time="0.000" /><testcase classname="tests.core.test_detection.TestOrphanDetection" name="test_REQ_d00071_B_orphan_with_broken_reference" time="0.000" /><testcase classname="tests.core.test_detection.TestBrokenReferenceDetection" name="test_no_broken_refs_valid_graph" time="0.000" /><testcase classname="tests.core.test_detection.TestBrokenReferenceDetection" name="test_broken_ref_implements" time="0.000" /><testcase classname="tests.core.test_detection.TestBrokenReferenceDetection" name="test_broken_ref_refines" time="0.000" /><testcase classname="tests.core.test_detection.TestBrokenReferenceDetection" name="test_multiple_broken_refs" time="0.000" /><testcase classname="tests.core.test_detection.TestBrokenReferenceDetection" name="test_broken_ref_str" time="0.000" /><testcase classname="tests.core.test_detection.TestCodeAndTestOrphans" name="test_code_ref_to_nonexistent_req" time="0.000" /><testcase classname="tests.core.test_detection.TestCodeAndTestOrphans" name="test_test_ref_to_nonexistent_req" time="0.000" /><testcase classname="tests.core.test_detection.TestIntegration" name="test_mixed_valid_and_broken" time="0.000" /><testcase classname="tests.core.test_detection.TestIntegration" name="test_real_graph_detection" time="0.163" /><testcase classname="tests.core.test_edge_mutations.TestAddEdge" name="test_REQ_o00062_C_add_edge_creates_relationship" time="0.000" /><testcase classname="tests.core.test_edge_mutations.TestAddEdge" name="test_add_edge_with_assertion_targets" time="0.000" /><testcase classname="tests.core.test_edge_mutations.TestAddEdge" name="test_add_edge_source_not_found" time="0.000" /><testcase classname="tests.core.test_edge_mutations.TestAddEdge" name="test_add_edge_target_not_found_creates_broken_ref" time="0.000" /><testcase classname="tests.core.test_edge_mutations.TestAddEdge" name="test_add_edge_removes_orphan_status" time="0.000" /><testcase classname="tests.core.test_edge_mutations.TestAddEdge" name="test_add_edge_logs_mutation" time="0.000" /><testcase classname="tests.core.test_edge_mutations.TestAddEdge" name="test_add_edge_undo" time="0.000" /><testcase classname="tests.core.test_edge_mutations.TestAddEdge" name="test_add_edge_undo_restores_orphan_status" time="0.000" /><testcase classname="tests.core.test_edge_mutations.TestAddEdge" name="test_add_edge_undo_removes_broken_ref" time="0.000" /><testcase classname="tests.core.test_edge_mutations.TestChangeEdgeKind" name="test_REQ_o00062_C_change_edge_kind_switches_relationship" time="0.000" /><testcase classname="tests.core.test_edge_mutations.TestChangeEdgeKind" name="test_change_edge_kind_source_not_found" time="0.000" /><testcase classname="tests.core.test_edge_mutations.TestChangeEdgeKind" name="test_change_edge_kind_target_not_found" time="0.000" /><testcase classname="tests.core.test_edge_mutations.TestChangeEdgeKind" name="test_change_edge_kind_no_edge" time="0.000" /><testcase classname="tests.core.test_edge_mutations.TestChangeEdgeKind" name="test_change_edge_kind_preserves_assertion_targets" time="0.000" /><testcase classname="tests.core.test_edge_mutations.TestChangeEdgeKind" name="test_change_edge_kind_logs_mutation" time="0.000" /><testcase classname="tests.core.test_edge_mutations.TestChangeEdgeKind" name="test_change_edge_kind_undo" time="0.000" /><testcase classname="tests.core.test_edge_mutations.TestDeleteEdge" name="test_REQ_o00062_C_delete_edge_removes_relationship" time="0.000" /><testcase classname="tests.core.test_edge_mutations.TestDeleteEdge" name="test_delete_edge_source_not_found" time="0.000" /><testcase classname="tests.core.test_edge_mutations.TestDeleteEdge" name="test_delete_edge_target_not_found" time="0.000" /><testcase classname="tests.core.test_edge_mutations.TestDeleteEdge" name="test_delete_edge_no_edge" time="0.000" /><testcase classname="tests.core.test_edge_mutations.TestDeleteEdge" name="test_delete_edge_source_becomes_orphan" time="0.000" /><testcase classname="tests.core.test_edge_mutations.TestDeleteEdge" name="test_delete_edge_root_not_orphaned" time="0.000" /><testcase classname="tests.core.test_edge_mutations.TestDeleteEdge" name="test_delete_edge_records_assertion_targets" time="0.000" /><testcase classname="tests.core.test_edge_mutations.TestDeleteEdge" name="test_delete_edge_logs_mutation" time="0.000" /><testcase classname="tests.core.test_edge_mutations.TestDeleteEdge" name="test_delete_edge_undo" time="0.000" /><testcase classname="tests.core.test_edge_mutations.TestDeleteEdge" name="test_delete_edge_undo_restores_assertion_targets" time="0.000" /><testcase classname="tests.core.test_edge_mutations.TestDeleteEdge" name="test_delete_edge_undo_removes_orphan_status" time="0.000" /><testcase classname="tests.core.test_edge_mutations.TestFixBrokenReference" name="test_REQ_o00062_C_fix_broken_reference_creates_valid_edge" time="0.000" /><testcase classname="tests.core.test_edge_mutations.TestFixBrokenReference" name="test_fix_broken_reference_source_not_found" time="0.000" /><testcase classname="tests.core.test_edge_mutations.TestFixBrokenReference" name="test_fix_broken_reference_no_broken_ref" time="0.000" /><testcase classname="tests.core.test_edge_mutations.TestFixBrokenReference" name="test_fix_broken_reference_new_target_not_found" time="0.000" /><testcase classname="tests.core.test_edge_mutations.TestFixBrokenReference" name="test_fix_broken_reference_removes_orphan_status" time="0.000" /><testcase classname="tests.core.test_edge_mutations.TestFixBrokenReference" name="test_fix_broken_reference_logs_mutation" time="0.000" /><testcase classname="tests.core.test_edge_mutations.TestFixBrokenReference" name="test_fix_broken_reference_undo" time="0.000" /><testcase classname="tests.core.test_edge_mutations.TestFixBrokenReference" name="test_fix_broken_reference_undo_restores_orphan_status" time="0.000" /><testcase classname="tests.core.test_edge_mutations.TestFixBrokenReference" name="test_fix_broken_reference_undo_still_broken" time="0.000" /><testcase classname="tests.core.test_edge_mutations.TestMultipleEdgeMutations" name="test_multiple_mutations_logged" time="0.000" /><testcase classname="tests.core.test_edge_mutations.TestMultipleEdgeMutations" name="test_undo_multiple_in_reverse" time="0.000" /><testcase classname="tests.core.test_factory.TestCodeDirectoryScanning" name="test_REQ_d00054_A_code_directories_scanned_when_scan_patterns_empty" time="0.002" /><testcase classname="tests.core.test_factory.TestCodeDirectoryScanning" name="test_REQ_d00054_A_scan_patterns_and_code_directories_both_work" time="0.002" /><testcase classname="tests.core.test_factory.TestCodeDirectoryScanning" name="test_REQ_d00054_A_duplicate_files_not_double_counted" time="0.002" /><testcase classname="tests.core.test_factory.TestCodeDirectoryScanning" name="test_REQ_d00054_A_ignore_dirs_respected_for_code_directories" time="0.002" /><testcase classname="tests.core.test_factory.TestCodeDirectoryScanning" name="test_REQ_d00054_A_code_directories_default_src_when_exists" time="0.001" /><testcase classname="tests.core.test_factory.TestCodeDirectoryScanning" name="test_REQ_d00054_A_nonexistent_code_directory_is_skipped" time="0.001" /><testcase classname="tests.core.test_git.TestGitChangeInfo" name="test_create_empty" time="0.000" /><testcase classname="tests.core.test_git.TestGitChangeInfo" name="test_all_changed_files" time="0.000" /><testcase classname="tests.core.test_git.TestGitChangeInfo" name="test_uncommitted_files" time="0.000" /><testcase classname="tests.core.test_git.TestMovedRequirement" name="test_create" time="0.000" /><testcase classname="tests.core.test_git.TestGetRepoRoot" name="test_returns_path_in_git_repo" time="0.001" /><testcase classname="tests.core.test_git.TestGetRepoRoot" name="test_returns_none_when_not_in_repo" time="0.002" /><testcase classname="tests.core.test_git.TestGetModifiedFiles" name="test_returns_tuples" time="0.002" /><testcase classname="tests.core.test_git.TestGetModifiedFiles" name="test_parses_porcelain_output" time="0.000" /><testcase classname="tests.core.test_git.TestGetModifiedFiles" name="test_handles_renames" time="0.000" /><testcase classname="tests.core.test_git.TestGetChangedVsBranch" name="test_returns_changed_files" time="0.000" /><testcase classname="tests.core.test_git.TestGetChangedVsBranch" name="test_tries_origin_fallback" time="0.000" /><testcase classname="tests.core.test_git.TestDetectMovedRequirements" name="test_detects_moved_requirement" time="0.000" /><testcase classname="tests.core.test_git.TestDetectMovedRequirements" name="test_no_move_when_same_location" time="0.000" /><testcase classname="tests.core.test_git.TestDetectMovedRequirements" name="test_ignores_new_requirements" time="0.000" /><testcase classname="tests.core.test_git.TestDetectMovedRequirements" name="test_ignores_deleted_requirements" time="0.000" /><testcase classname="tests.core.test_git.TestFilterSpecFiles" name="test_filters_to_spec_directory" time="0.000" /><testcase classname="tests.core.test_git.TestFilterSpecFiles" name="test_only_includes_markdown" time="0.000" /><testcase classname="tests.core.test_git.TestFilterSpecFiles" name="test_custom_spec_dir" time="0.000" /><testcase classname="tests.core.test_git.TestGetGitChanges" name="test_returns_git_change_info" time="0.037" /><testcase classname="tests.core.test_git.TestGetGitChanges" name="test_returns_empty_when_not_in_repo" time="0.004" /><testcase classname="tests.core.test_git.TestTemporaryWorktree" name="test_creates_and_cleans_up_worktree" time="0.018" /><testcase classname="tests.core.test_git.TestTemporaryWorktree" name="test_raises_on_invalid_ref" time="0.002" /><testcase classname="tests.core.test_git.TestGetReqLocationsFromGraph" name="test_returns_dict" time="0.019" /><testcase classname="tests.core.test_git.TestGetReqLocationsFromGraph" name="test_extracts_req_suffix" time="0.019" /><testcase classname="tests.core.test_graph_node.TestNodeKind" name="test_all_node_kinds_exist" time="0.000" /><testcase classname="tests.core.test_graph_node.TestSourceLocation" name="test_create_minimal" time="0.000" /><testcase classname="tests.core.test_graph_node.TestSourceLocation" name="test_create_with_end_line" time="0.000" /><testcase classname="tests.core.test_graph_node.TestSourceLocation" name="test_create_with_repo" time="0.000" /><testcase classname="tests.core.test_graph_node.TestSourceLocation" name="test_str_without_repo" time="0.000" /><testcase classname="tests.core.test_graph_node.TestSourceLocation" name="test_str_with_repo" time="0.000" /><testcase classname="tests.core.test_graph_node.TestSourceLocation" name="test_absolute_path" time="0.000" /><testcase classname="tests.core.test_graph_node.TestGraphNode" name="test_create_minimal_node" time="0.000" /><testcase classname="tests.core.test_graph_node.TestGraphNode" name="test_create_with_label" time="0.000" /><testcase classname="tests.core.test_graph_node.TestGraphNode" name="test_create_with_source" time="0.000" /><testcase classname="tests.core.test_graph_node.TestGraphNode" name="test_create_with_content" time="0.000" /><testcase classname="tests.core.test_graph_node.TestGraphNode" name="test_add_child" time="0.000" /><testcase classname="tests.core.test_graph_node.TestGraphNode" name="test_add_child_is_idempotent" time="0.000" /><testcase classname="tests.core.test_graph_node.TestGraphNode" name="test_depth_for_root" time="0.000" /><testcase classname="tests.core.test_graph_node.TestGraphNode" name="test_depth_for_child" time="0.000" /><testcase classname="tests.core.test_graph_node.TestGraphNode" name="test_depth_for_grandchild" time="0.000" /><testcase classname="tests.core.test_graph_node.TestGraphNode" name="test_depth_dag_uses_minimum" time="0.000" /><testcase classname="tests.core.test_graph_node.TestGraphNodeTraversal" name="test_walk_preorder" time="0.000" /><testcase classname="tests.core.test_graph_node.TestGraphNodeTraversal" name="test_walk_postorder" time="0.000" /><testcase classname="tests.core.test_graph_node.TestGraphNodeTraversal" name="test_walk_level" time="0.000" /><testcase classname="tests.core.test_graph_node.TestGraphNodeTraversal" name="test_ancestors" time="0.000" /><testcase classname="tests.core.test_graph_node.TestGraphNodeTraversal" name="test_find_by_kind" time="0.000" /><testcase classname="tests.core.test_graph_node.TestGraphNodeTraversal" name="test_find_with_predicate" time="0.000" /><testcase classname="tests.core.test_graph_node.TestGraphNodeAdditionalCoverage" name="test_uuid_is_unique_per_node" time="0.000" /><testcase classname="tests.core.test_graph_node.TestGraphNodeAdditionalCoverage" name="test_set_and_get_field" time="0.000" /><testcase classname="tests.core.test_graph_node.TestGraphNodeAdditionalCoverage" name="test_set_and_get_metric" time="0.000" /><testcase classname="tests.core.test_graph_node.TestGraphNodeAdditionalCoverage" name="test_walk_invalid_order_raises" time="0.000" /><testcase classname="tests.core.test_graph_node.TestGraphNodeAdditionalCoverage" name="test_ancestors_empty_for_root" time="0.000" /><testcase classname="tests.core.test_graph_node.TestGraphNodeAdditionalCoverage" name="test_find_returns_empty_when_no_match" time="0.000" /><testcase classname="tests.core.test_hash_mode.TestFullTextMode" name="test_hash_mode_normalized_text_is_default" time="0.000" /><testcase classname="tests.core.test_hash_mode.TestFullTextMode" name="test_hash_mode_full_text_graph_has_mode" time="0.000" /><testcase classname="tests.core.test_hash_mode.TestFullTextMode" name="test_hash_mode_full_text_body_change_changes_hash" time="0.000" /><testcase classname="tests.core.test_hash_mode.TestFullTextMode" name="test_hash_mode_full_text_stable_body_stable_hash" time="0.000" /><testcase classname="tests.core.test_hash_mode.TestFullTextMode" name="test_hash_mode_full_text_hash_matches_calculate_hash" time="0.000" /><testcase classname="tests.core.test_hash_mode.TestNormalizedTextMode" name="test_hash_mode_normalized_text_graph_has_mode" time="0.000" /><testcase classname="tests.core.test_hash_mode.TestNormalizedTextMode" name="test_hash_mode_normalized_non_assertion_body_change_hash_unchanged" time="0.000" /><testcase classname="tests.core.test_hash_mode.TestNormalizedTextMode" name="test_hash_mode_normalized_assertion_text_change_hash_changes" time="0.000" /><testcase classname="tests.core.test_hash_mode.TestNormalizedTextMode" name="test_hash_mode_normalized_assertion_reorder_hash_changes" time="0.000" /><testcase classname="tests.core.test_hash_mode.TestNormalizedTextMode" name="test_hash_mode_normalized_trailing_space_hash_unchanged" time="0.000" /><testcase classname="tests.core.test_hash_mode.TestNormalizedTextMode" name="test_hash_mode_normalized_case_change_hash_changes" time="0.000" /><testcase classname="tests.core.test_hash_mode.TestNormalizedTextMode" name="test_hash_mode_normalized_hash_matches_compute_normalized_hash" time="0.000" /><testcase classname="tests.core.test_hash_mode.TestNormalizedTextMode" name="test_hash_mode_normalized_add_assertion_changes_hash" time="0.000" /><testcase classname="tests.core.test_hash_mode.TestNormalizedTextMode" name="test_hash_mode_normalized_delete_assertion_changes_hash" time="0.000" /><testcase classname="tests.core.test_hash_mode.TestHashModeDifference" name="test_hash_mode_modes_produce_different_hashes" time="0.000" /><testcase classname="tests.core.test_hash_mode.TestHashModeDifference" name="test_hash_mode_normalized_stable_across_non_assertion_changes" time="0.000" /><testcase classname="tests.core.test_hash_mode.TestHashModeDifference" name="test_hash_mode_full_text_sensitive_to_non_assertion_changes" time="0.000" /><testcase classname="tests.core.test_hasher.TestCleanRequirementBody" name="test_removes_trailing_blank_lines" time="0.000" /><testcase classname="tests.core.test_hasher.TestCleanRequirementBody" name="test_preserves_internal_blank_lines" time="0.000" /><testcase classname="tests.core.test_hasher.TestCleanRequirementBody" name="test_normalize_whitespace_removes_leading_blanks" time="0.000" /><testcase classname="tests.core.test_hasher.TestCleanRequirementBody" name="test_normalize_whitespace_collapses_multiple_blanks" time="0.000" /><testcase classname="tests.core.test_hasher.TestCalculateHash" name="test_default_sha256_8chars" time="0.000" /><testcase classname="tests.core.test_hasher.TestCalculateHash" name="test_custom_length" time="0.000" /><testcase classname="tests.core.test_hasher.TestCalculateHash" name="test_deterministic" time="0.000" /><testcase classname="tests.core.test_hasher.TestCalculateHash" name="test_different_content_different_hash" time="0.000" /><testcase classname="tests.core.test_hasher.TestCalculateHash" name="test_sha1_algorithm" time="0.000" /><testcase classname="tests.core.test_hasher.TestCalculateHash" name="test_md5_algorithm" time="0.000" /><testcase classname="tests.core.test_hasher.TestCalculateHash" name="test_invalid_algorithm_raises" time="0.000" /><testcase classname="tests.core.test_hasher.TestVerifyHash" name="test_matching_hash_returns_true" time="0.000" /><testcase classname="tests.core.test_hasher.TestVerifyHash" name="test_non_matching_hash_returns_false" time="0.000" /><testcase classname="tests.core.test_hasher.TestVerifyHash" name="test_case_insensitive" time="0.000" /><testcase classname="tests.core.test_hasher.TestExtractHashFromFooter" name="test_extracts_hash" time="0.000" /><testcase classname="tests.core.test_hasher.TestExtractHashFromFooter" name="test_extracts_hash_with_extra_text" time="0.000" /><testcase classname="tests.core.test_hasher.TestExtractHashFromFooter" name="test_returns_none_when_no_hash" time="0.000" /><testcase classname="tests.core.test_hasher.TestExtractHashFromFooter" name="test_handles_uppercase_hash" time="0.000" /><testcase classname="tests.core.test_hasher.TestNormalizeAssertionText" name="test_hash_mode_trailing_whitespace_stripped" time="0.000" /><testcase classname="tests.core.test_hasher.TestNormalizeAssertionText" name="test_hash_mode_multiline_collapsed" time="0.000" /><testcase classname="tests.core.test_hasher.TestNormalizeAssertionText" name="test_hash_mode_multiple_spaces_collapsed" time="0.000" /><testcase classname="tests.core.test_hasher.TestNormalizeAssertionText" name="test_hash_mode_crlf_normalized" time="0.000" /><testcase classname="tests.core.test_hasher.TestNormalizeAssertionText" name="test_hash_mode_combined_normalizations" time="0.000" /><testcase classname="tests.core.test_hasher.TestNormalizeAssertionText" name="test_hash_mode_label_included" time="0.000" /><testcase classname="tests.core.test_hasher.TestNormalizeAssertionText" name="test_hash_mode_label_with_number" time="0.000" /><testcase classname="tests.core.test_hasher.TestNormalizeAssertionText" name="test_hash_mode_leading_whitespace_stripped" time="0.000" /><testcase classname="tests.core.test_hasher.TestNormalizeAssertionText" name="test_hash_mode_bare_cr_normalized" time="0.000" /><testcase classname="tests.core.test_hasher.TestComputeNormalizedHash" name="test_hash_mode_returns_8_char_hex" time="0.000" /><testcase classname="tests.core.test_hasher.TestComputeNormalizedHash" name="test_hash_mode_same_content_same_hash" time="0.000" /><testcase classname="tests.core.test_hasher.TestComputeNormalizedHash" name="test_hash_mode_different_content_different_hash" time="0.000" /><testcase classname="tests.core.test_hasher.TestComputeNormalizedHash" name="test_hash_mode_order_matters" time="0.000" /><testcase classname="tests.core.test_hasher.TestComputeNormalizedHash" name="test_hash_mode_case_sensitive" time="0.000" /><testcase classname="tests.core.test_hasher.TestComputeNormalizedHash" name="test_hash_mode_invariant_over_trailing_whitespace" time="0.000" /><testcase classname="tests.core.test_hasher.TestComputeNormalizedHash" name="test_hash_mode_invariant_over_multiline_vs_single_line" time="0.000" /><testcase classname="tests.core.test_hasher.TestComputeNormalizedHash" name="test_hash_mode_invariant_over_multiple_spaces" time="0.000" /><testcase classname="tests.core.test_hasher.TestComputeNormalizedHash" name="test_hash_mode_empty_assertions_returns_valid_hash" time="0.000" /><testcase classname="tests.core.test_hasher.TestComputeNormalizedHash" name="test_hash_mode_multiple_assertions" time="0.000" /><testcase classname="tests.core.test_hasher.TestComputeNormalizedHash" name="test_hash_mode_custom_length" time="0.000" /><testcase classname="tests.core.test_html.test_file_viewer.TestCollectSourceFilesStructure" name="test_REQ_p00006_C_collect_source_files_returns_dict" time="0.040" /><testcase classname="tests.core.test_html.test_file_viewer.TestCollectSourceFilesStructure" name="test_REQ_p00006_C_collect_source_files_returns_correct_keys" time="0.018" /><testcase classname="tests.core.test_html.test_file_viewer.TestCollectSourceFilesStructure" name="test_REQ_p00006_C_collect_source_files_lines_is_list" time="0.016" /><testcase classname="tests.core.test_html.test_file_viewer.TestCollectSourceFilesStructure" name="test_REQ_p00006_C_collect_source_files_raw_is_string" time="0.016" /><testcase classname="tests.core.test_html.test_file_viewer.TestCollectSourceFilesHighlighting" name="test_REQ_p00006_C_collect_source_files_returns_highlighted_lines" time="0.016" /><testcase classname="tests.core.test_html.test_file_viewer.TestCollectSourceFilesLanguageDetection" name="test_REQ_p00006_C_collect_source_files_detects_markdown" time="0.016" /><testcase classname="tests.core.test_html.test_file_viewer.TestCollectSourceFilesLanguageDetection" name="test_REQ_p00006_C_collect_source_files_detects_python" time="0.020" /><testcase classname="tests.core.test_html.test_file_viewer.TestCollectSourceFilesBinarySkip" name="test_REQ_p00006_C_collect_source_files_skips_binary_files" time="0.000" /><testcase classname="tests.core.test_html.test_file_viewer.TestCollectSourceFilesSizeLimit" name="test_REQ_p00006_C_collect_source_files_skips_large_files" time="0.000" /><testcase classname="tests.core.test_html.test_file_viewer.TestCollectSourceFilesEmpty" name="test_REQ_p00006_C_collect_source_files_empty_when_no_source_files" time="0.000" /><testcase classname="tests.core.test_html.test_file_viewer.TestCollectSourceFilesEmpty" name="test_REQ_p00006_C_collect_source_files_empty_when_files_missing" time="0.000" /><testcase classname="tests.core.test_html.test_file_viewer.TestGetPygmentsCss" name="test_REQ_p00006_C_get_pygments_css_returns_nonempty_string" time="0.045" /><testcase classname="tests.core.test_html.test_file_viewer.TestGetPygmentsCss" name="test_REQ_p00006_C_get_pygments_css_contains_highlight_class" time="0.008" /><testcase classname="tests.core.test_html.test_file_viewer.TestGenerateEmbedContentSourceFiles" name="test_REQ_p00006_C_generate_embed_includes_source_files" time="0.078" /><testcase classname="tests.core.test_html.test_file_viewer.TestGenerateEmbedContentSourceFiles" name="test_REQ_p00006_C_generate_no_embed_has_empty_source_files" time="0.070" /><testcase classname="tests.core.test_html.test_file_viewer.TestGenerateEmbedContentSourceFiles" name="test_REQ_p00006_C_generate_embed_includes_pygments_css" time="0.077" /><testcase classname="tests.core.test_html.test_generator.TestHTMLGeneratorBasic" name="test_generate_returns_html" time="0.063" /><testcase classname="tests.core.test_html.test_generator.TestHTMLGeneratorBasic" name="test_generate_includes_title" time="0.061" /><testcase classname="tests.core.test_html.test_generator.TestHTMLGeneratorBasic" name="test_generate_includes_requirements" time="0.062" /><testcase classname="tests.core.test_html.test_generator.TestHTMLGeneratorBasic" name="test_generate_includes_styles" time="0.062" /><testcase classname="tests.core.test_html.test_generator.TestHTMLGeneratorBasic" name="test_generate_includes_package_version" time="0.061" /><testcase classname="tests.core.test_html.test_generator.TestHTMLGeneratorBasic" name="test_version_can_be_overridden" time="0.060" /><testcase classname="tests.core.test_html.test_generator.TestHTMLGeneratorEmbedContent" name="test_embed_content_includes_json" time="0.062" /><testcase classname="tests.core.test_html.test_generator.TestHTMLGeneratorHierarchy" name="test_shows_hierarchy_structure" time="0.062" /><testcase classname="tests.core.test_html.test_generator.TestHTMLGeneratorHierarchy" name="test_shows_requirement_titles" time="0.060" /><testcase classname="tests.core.test_html.test_generator.TestHTMLGeneratorStats" name="test_counts_levels" time="0.063" /><testcase classname="tests.core.test_html.test_generator.TestHTMLGeneratorStats" name="test_shows_total_count" time="0.096" /><testcase classname="tests.core.test_html.test_generator.TestHTMLGeneratorTreeStructure" name="test_includes_tree_toggles" time="0.063" /><testcase classname="tests.core.test_html.test_generator.TestHTMLGeneratorTreeStructure" name="test_includes_depth_data" time="0.062" /><testcase classname="tests.core.test_html.test_generator.TestHTMLGeneratorTreeStructure" name="test_includes_parent_id" time="0.060" /><testcase classname="tests.core.test_html.test_generator.TestHTMLGeneratorCoverage" name="test_includes_coverage_data" time="0.060" /><testcase classname="tests.core.test_html.test_generator.TestHTMLGeneratorCoverage" name="test_coverage_values" time="0.061" /><testcase classname="tests.core.test_html.test_generator.TestHTMLGeneratorFiltering" name="test_includes_filter_inputs" time="0.062" /><testcase classname="tests.core.test_html.test_generator.TestHTMLGeneratorFiltering" name="test_includes_filter_dropdowns" time="0.061" /><testcase classname="tests.core.test_html.test_generator.TestHTMLGeneratorFiltering" name="test_includes_toggle_checkboxes" time="0.061" /><testcase classname="tests.core.test_html.test_generator.TestHTMLGeneratorTopics" name="test_extracts_topic_from_path" time="0.064" /><testcase classname="tests.core.test_html.test_generator.TestHTMLGeneratorViewModes" name="test_includes_view_mode_buttons" time="0.109" /><testcase classname="tests.core.test_html.test_generator.TestHTMLGeneratorViewModes" name="test_includes_view_mode_javascript" time="0.061" /><testcase classname="tests.core.test_html.test_generator.TestHTMLGeneratorLegend" name="test_includes_legend_button" time="0.061" /><testcase classname="tests.core.test_html.test_generator.TestHTMLGeneratorLegend" name="test_includes_legend_modal" time="0.062" /><testcase classname="tests.core.test_html.test_generator.TestHTMLGeneratorAssertions" name="test_assertion_badge_class" time="0.062" /><testcase classname="tests.core.test_html.test_generator.TestHTMLGeneratorGitIntegration" name="test_includes_git_data_attributes" time="0.063" /><testcase classname="tests.core.test_html.test_generator.TestHTMLGeneratorGitIntegration" name="test_includes_git_filter_buttons" time="0.060" /><testcase classname="tests.core.test_html.test_generator.TestHTMLGeneratorJourneyBadges" name="test_REQ_o00050_C_journey_with_addresses_shows_badges" time="0.061" /><testcase classname="tests.core.test_html.test_generator.TestHTMLGeneratorJourneyBadges" name="test_REQ_o00050_C_journey_without_addresses_no_refs_section" time="0.062" /><testcase classname="tests.core.test_html.test_highlighting.TestHighlightFileContent" name="test_REQ_p00006_A_returns_highlighted_html_spans" time="0.003" /><testcase classname="tests.core.test_html.test_highlighting.TestHighlightFileContent" name="test_REQ_p00006_A_detects_python_language" time="0.002" /><testcase classname="tests.core.test_html.test_highlighting.TestHighlightFileContent" name="test_REQ_p00006_A_detects_markdown_language" time="0.002" /><testcase classname="tests.core.test_html.test_highlighting.TestHighlightFileContent" name="test_REQ_p00006_A_detects_javascript_language" time="0.007" /><testcase classname="tests.core.test_html.test_highlighting.TestHighlightFileContent" name="test_REQ_p00006_A_unknown_extension_falls_back_to_text" time="0.002" /><testcase classname="tests.core.test_html.test_highlighting.TestHighlightFileContent" name="test_REQ_p00006_A_preserves_raw_content" time="0.002" /><testcase classname="tests.core.test_html.test_highlighting.TestHighlightFileContent" name="test_REQ_p00006_A_line_count_matches" time="0.002" /><testcase classname="tests.core.test_html.test_highlighting.TestHighlightFileContent" name="test_REQ_p00006_A_empty_content" time="0.002" /><testcase classname="tests.core.test_html.test_highlighting.TestHighlightFileContent" name="test_REQ_p00006_A_multiline_tokens_preserved" time="0.002" /><testcase classname="tests.core.test_html.test_highlighting.TestHighlightFileContentFallback" name="test_REQ_p00006_A_fallback_without_pygments" time="0.000" /><testcase classname="tests.core.test_html.test_highlighting.TestHighlightFileContentFallback" name="test_REQ_p00006_A_fallback_escapes_html_entities" time="0.000" /><testcase classname="tests.core.test_html.test_highlighting.TestGetPygmentsCss" name="test_REQ_p00006_A_returns_scoped_css" time="0.000" /><testcase classname="tests.core.test_html.test_highlighting.TestGetPygmentsCss" name="test_REQ_p00006_A_custom_scope" time="0.000" /><testcase classname="tests.core.test_html.test_highlighting.TestGetPygmentsCss" name="test_REQ_p00006_A_monokai_style" time="0.000" /><testcase classname="tests.core.test_html.test_highlighting.TestGetPygmentsCss" name="test_REQ_p00006_A_dark_theme_scope" time="0.000" /><testcase classname="tests.core.test_html.test_highlighting.TestGetPygmentsCss" name="test_REQ_p00006_A_returns_empty_without_pygments" time="0.000" /><testcase classname="tests.core.test_html.test_highlighting.TestMaxFileSize" name="test_REQ_p00006_A_max_file_size_is_512k" time="0.000" /><testcase classname="tests.core.test_import_analyzer.TestExtractPythonImports" name="test_from_import" time="0.000" /><testcase classname="tests.core.test_import_analyzer.TestExtractPythonImports" name="test_plain_import" time="0.000" /><testcase classname="tests.core.test_import_analyzer.TestExtractPythonImports" name="test_multiple_plain_imports" time="0.000" /><testcase classname="tests.core.test_import_analyzer.TestExtractPythonImports" name="test_from_import_dotted" time="0.000" /><testcase classname="tests.core.test_import_analyzer.TestExtractPythonImports" name="test_skips_relative_imports" time="0.000" /><testcase classname="tests.core.test_import_analyzer.TestExtractPythonImports" name="test_skips_comments" time="0.000" /><testcase classname="tests.core.test_import_analyzer.TestExtractPythonImports" name="test_mixed_imports" time="0.000" /><testcase classname="tests.core.test_import_analyzer.TestExtractPythonImports" name="test_stops_at_code" time="0.000" /><testcase classname="tests.core.test_import_analyzer.TestExtractPythonImports" name="test_empty_content" time="0.000" /><testcase classname="tests.core.test_import_analyzer.TestExtractPythonImports" name="test_type_checking_imports" time="0.000" /><testcase classname="tests.core.test_import_analyzer.TestExtractPythonImports" name="test_only_comments_and_blanks" time="0.000" /><testcase classname="tests.core.test_import_analyzer.TestExtractPythonImports" name="test_from_import_with_parens" time="0.000" /><testcase classname="tests.core.test_import_analyzer.TestExtractPythonImports" name="test_imports_after_multiline_docstring" time="0.000" /><testcase classname="tests.core.test_import_analyzer.TestExtractPythonImports" name="test_imports_after_comments_and_docstring" time="0.000" /><testcase classname="tests.core.test_import_analyzer.TestExtractPythonImports" name="test_single_line_docstring_skipped" time="0.000" /><testcase classname="tests.core.test_import_analyzer.TestExtractPythonImports" name="test_single_quote_docstring" time="0.000" /><testcase classname="tests.core.test_import_analyzer.TestModuleToSourcePath" name="test_resolves_module_in_src" time="0.001" /><testcase classname="tests.core.test_import_analyzer.TestModuleToSourcePath" name="test_resolves_module_at_root" time="0.000" /><testcase classname="tests.core.test_import_analyzer.TestModuleToSourcePath" name="test_resolves_package_init" time="0.000" /><testcase classname="tests.core.test_import_analyzer.TestModuleToSourcePath" name="test_returns_none_for_missing" time="0.000" /><testcase classname="tests.core.test_import_analyzer.TestModuleToSourcePath" name="test_custom_source_roots" time="0.000" /><testcase classname="tests.core.test_import_analyzer.TestModuleToSourcePath" name="test_prefers_first_source_root" time="0.000" /><testcase classname="tests.core.test_import_analyzer.TestModuleToSourcePath" name="test_default_source_roots_src_first" time="0.000" /><testcase classname="tests.core.test_import_analyzer.TestModuleToSourcePath" name="test_nested_package_init" time="0.000" /><testcase classname="tests.core.test_indirect_coverage.TestIndirectCoverageSource" name="test_REQ_d00069_A_indirect_enum_value" time="0.000" /><testcase classname="tests.core.test_indirect_coverage.TestIndirectCoverageSource" name="test_REQ_d00069_A_indirect_is_distinct" time="0.000" /><testcase classname="tests.core.test_indirect_coverage.TestIndirectCoverageContributions" name="test_REQ_d00069_B_whole_req_test_adds_indirect" time="0.000" /><testcase classname="tests.core.test_indirect_coverage.TestIndirectCoverageContributions" name="test_REQ_d00069_B_whole_req_test_zero_strict_coverage" time="0.000" /><testcase classname="tests.core.test_indirect_coverage.TestDualCoverageMetrics" name="test_REQ_d00069_C_strict_excludes_indirect" time="0.000" /><testcase classname="tests.core.test_indirect_coverage.TestDualCoverageMetrics" name="test_REQ_d00069_C_both_equal_without_indirect" time="0.000" /><testcase classname="tests.core.test_indirect_coverage.TestValidatedWithIndirect" name="test_REQ_d00069_D_passing_whole_req_validates_all" time="0.000" /><testcase classname="tests.core.test_indirect_coverage.TestValidatedWithIndirect" name="test_REQ_d00069_D_mixed_targeted_and_whole" time="0.000" /><testcase classname="tests.core.test_indirect_coverage.TestEdgeCase1MixedDirectIndirect" name="test_REQ_d00069_E_mixed_direct_indirect" time="0.000" /><testcase classname="tests.core.test_indirect_coverage.TestEdgeCase2MultipleTestsOneFailing" name="test_REQ_d00069_F_multiple_tests_mixed_results" time="0.000" /><testcase classname="tests.core.test_indirect_coverage.TestEdgeCase3WholeReqMixedResults" name="test_REQ_d00070_A_whole_req_mixed_results" time="0.000" /><testcase classname="tests.core.test_indirect_coverage.TestEdgeCase4NoWholeReqTest" name="test_REQ_d00070_B_no_whole_req_test" time="0.000" /><testcase classname="tests.core.test_indirect_coverage.TestRollupMetricsIndirectDefaults" name="test_REQ_d00070_C_default_indirect_fields" time="0.000" /><testcase classname="tests.core.test_indirect_coverage.TestRollupMetricsIndirectDefaults" name="test_REQ_d00070_C_finalize_with_indirect_contributions" time="0.000" /><testcase classname="tests.core.test_indirect_coverage.TestIntegrationWholeReqTest" name="test_REQ_d00070_D_integration_whole_req" time="0.000" /><testcase classname="tests.core.test_indirect_coverage.TestIndirectWithExistingSources" name="test_REQ_d00070_E_indirect_with_inferred" time="0.000" /><testcase classname="tests.core.test_indirect_coverage.TestTransitiveCoverageThroughCode" name="test_transitive_provides_indirect_coverage" time="0.000" /><testcase classname="tests.core.test_indirect_coverage.TestTransitiveCoverageThroughCode" name="test_transitive_with_assertion_targets" time="0.000" /><testcase classname="tests.core.test_indirect_coverage.TestTransitiveCoverageThroughCode" name="test_transitive_with_passing_result_validates_indirect" time="0.000" /><testcase classname="tests.core.test_indirect_coverage.TestTransitiveCoverageThroughCode" name="test_transitive_with_failing_result_marks_failure" time="0.000" /><testcase classname="tests.core.test_indirect_coverage.TestTransitiveCoverageThroughCode" name="test_transitive_without_result_still_covers" time="0.000" /><testcase classname="tests.core.test_indirect_coverage.TestTransitiveCoverageThroughCode" name="test_direct_test_overrides_transitive" time="0.000" /><testcase classname="tests.core.test_indirect_coverage.TestTransitiveCoverageThroughCode" name="test_no_transitive_for_refines_edge" time="0.000" /><testcase classname="tests.core.test_indirect_coverage.TestTransitiveCoverageThroughCode" name="test_transitive_strict_coverage_excludes_indirect" time="0.000" /><testcase classname="tests.core.test_indirect_coverage.TestTransitiveCoverageThroughCode" name="test_transitive_multiple_code_nodes" time="0.000" /><testcase classname="tests.core.test_indirect_coverage.TestFactoryIntegration" name="test_factory_calls_linker" time="0.003" /><testcase classname="tests.core.test_indirect_coverage.TestFactoryIntegration" name="test_factory_no_linker_when_tests_disabled" time="0.002" /><testcase classname="tests.core.test_indirect_coverage.TestFactoryIntegration" name="test_factory_no_linker_when_code_disabled" time="0.002" /><testcase classname="tests.core.test_integration.test_pipeline.TestFullPipeline" name="test_pipeline_parses_all_requirements" time="0.002" /><testcase classname="tests.core.test_integration.test_pipeline.TestFullPipeline" name="test_pipeline_creates_assertions" time="0.002" /><testcase classname="tests.core.test_integration.test_pipeline.TestFullPipeline" name="test_pipeline_links_implements" time="0.002" /><testcase classname="tests.core.test_integration.test_pipeline.TestFullPipeline" name="test_pipeline_identifies_roots" time="0.047" /><testcase classname="tests.core.test_integration.test_pipeline.TestFullPipeline" name="test_pipeline_node_counts" time="0.002" /><testcase classname="tests.core.test_integration.test_real_world.TestRealWorldSpecs" name="test_spec_directory_exists" time="0.000" /><testcase classname="tests.core.test_integration.test_real_world.TestRealWorldSpecs" name="test_can_parse_spec_files" time="0.006" /><testcase classname="tests.core.test_integration.test_real_world.TestRealWorldSpecs" name="test_finds_prd_requirements" time="0.008" /><testcase classname="tests.core.test_integration.test_real_world.TestRealWorldSpecs" name="test_graph_has_roots" time="0.008" /><testcase classname="tests.core.test_integration.test_real_world.TestRealWorldSpecs" name="test_assertions_are_created" time="0.008" /><testcase classname="tests.core.test_integration.test_real_world.TestRealWorldSpecs" name="test_implements_relationships" time="0.008" /><testcase classname="tests.core.test_link_suggest.TestLinkSuggestionDataclass" name="test_REQ_d00072_A_confidence_band_high" time="0.000" /><testcase classname="tests.core.test_link_suggest.TestLinkSuggestionDataclass" name="test_REQ_d00072_A_confidence_band_medium" time="0.000" /><testcase classname="tests.core.test_link_suggest.TestLinkSuggestionDataclass" name="test_REQ_d00072_A_confidence_band_low" time="0.000" /><testcase classname="tests.core.test_link_suggest.TestLinkSuggestionDataclass" name="test_REQ_d00072_A_confidence_band_boundary_high" time="0.000" /><testcase classname="tests.core.test_link_suggest.TestLinkSuggestionDataclass" name="test_REQ_d00072_A_confidence_band_boundary_medium" time="0.000" /><testcase classname="tests.core.test_link_suggest.TestLinkSuggestionDataclass" name="test_REQ_d00072_A_to_dict_serialization" time="0.000" /><testcase classname="tests.core.test_link_suggest.TestLinkSuggestionDataclass" name="test_REQ_d00072_A_to_dict_rounds_confidence" time="0.000" /><testcase classname="tests.core.test_link_suggest.TestFindUnlinkedTests" name="test_REQ_o00065_A_finds_tests_without_req_parents" time="0.000" /><testcase classname="tests.core.test_link_suggest.TestFindUnlinkedTests" name="test_REQ_o00065_A_skips_linked_tests" time="0.000" /><testcase classname="tests.core.test_link_suggest.TestFindUnlinkedTests" name="test_REQ_o00065_A_skips_tests_linked_via_assertion" time="0.000" /><testcase classname="tests.core.test_link_suggest.TestFindUnlinkedTests" name="test_REQ_o00065_A_skips_tests_linked_via_code" time="0.000" /><testcase classname="tests.core.test_link_suggest.TestFindUnlinkedTests" name="test_REQ_o00065_A_filters_by_file_path" time="0.000" /><testcase classname="tests.core.test_link_suggest.TestFindUnlinkedTests" name="test_REQ_o00065_A_file_path_filter_no_match" time="0.000" /><testcase classname="tests.core.test_link_suggest.TestFindUnlinkedTests" name="test_REQ_o00065_A_skips_tests_without_source_when_filtering" time="0.000" /><testcase classname="tests.core.test_link_suggest.TestFindUnlinkedTests" name="test_REQ_o00065_A_mixed_linked_and_unlinked" time="0.000" /><testcase classname="tests.core.test_link_suggest.TestBuildCodeToReqIndex" name="test_REQ_d00072_B_builds_code_to_req_index" time="0.000" /><testcase classname="tests.core.test_link_suggest.TestBuildCodeToReqIndex" name="test_REQ_d00072_B_handles_assertion_parents" time="0.000" /><testcase classname="tests.core.test_link_suggest.TestBuildCodeToReqIndex" name="test_REQ_d00072_B_empty_for_code_without_req_parent" time="0.000" /><testcase classname="tests.core.test_link_suggest.TestBuildCodeToReqIndex" name="test_REQ_d00072_B_multiple_codes_same_req" time="0.000" /><testcase classname="tests.core.test_link_suggest.TestBuildCodeToReqIndex" name="test_REQ_d00072_B_code_with_multiple_req_parents" time="0.000" /><testcase classname="tests.core.test_link_suggest.TestHeuristicFunctionName" name="test_REQ_d00072_C_exact_function_match" time="0.000" /><testcase classname="tests.core.test_link_suggest.TestHeuristicFunctionName" name="test_REQ_d00072_C_partial_function_match_lower_score" time="0.000" /><testcase classname="tests.core.test_link_suggest.TestHeuristicFunctionName" name="test_REQ_d00072_C_no_match_returns_empty" time="0.000" /><testcase classname="tests.core.test_link_suggest.TestHeuristicFileProximity" name="test_REQ_d00072_D_file_proximity_match" time="0.000" /><testcase classname="tests.core.test_link_suggest.TestHeuristicFileProximity" name="test_REQ_d00072_D_no_proximity_for_unrelated_dirs" time="0.000" /><testcase classname="tests.core.test_link_suggest.TestHeuristicFileProximity" name="test_REQ_d00072_D_infer_source_dirs" time="0.000" /><testcase classname="tests.core.test_link_suggest.TestHeuristicFileProximity" name="test_REQ_d00072_D_infer_source_dirs_no_tests_dir" time="0.000" /><testcase classname="tests.core.test_link_suggest.TestHeuristicFileProximity" name="test_REQ_d00072_D_infer_source_dirs_test_prefix" time="0.000" /><testcase classname="tests.core.test_link_suggest.TestHeuristicFileProximity" name="test_REQ_d00072_D_no_source_on_test_returns_empty" time="0.000" /><testcase classname="tests.core.test_link_suggest.TestHeuristicKeywordOverlap" name="test_REQ_d00072_E_keyword_overlap_match" time="0.000" /><testc
[...]
case classname="tests.test_edit.TestModifyImplementsEdgeCases" name="test_modify_implements_field_missing" time="0.000" /><testcase classname="tests.test_edit.TestModifyStatusEdgeCases" name="test_modify_status_field_missing" time="0.000" /><testcase classname="tests.test_edit.TestMoveRequirement" name="test_move_requirement" time="0.001" /><testcase classname="tests.test_edit.TestMoveRequirement" name="test_move_requirement_dry_run" time="0.000" /><testcase classname="tests.test_edit.TestMoveRequirement" name="test_move_requirement_creates_dest_file" time="0.000" /><testcase classname="tests.test_edit.TestMoveRequirement" name="test_move_requirement_source_becomes_empty" time="0.000" /><testcase classname="tests.test_edit.TestMoveRequirement" name="test_move_requirement_not_found" time="0.000" /><testcase classname="tests.test_edit.TestFindRequirementInFiles" name="test_find_requirement_in_files" time="0.001" /><testcase classname="tests.test_edit.TestFindRequirementInFiles" name="test_find_requirement_not_found" time="0.001" /><testcase classname="tests.test_edit.TestValidateImplementsReferences" name="test_batch_edit_validates_implements_refs" time="0.001" /><testcase classname="tests.test_edit.TestValidateImplementsReferences" name="test_batch_edit_no_validation_by_default" time="0.000" /><testcase classname="tests.test_edit.TestBatchEdit" name="test_batch_edit_from_json" time="0.001" /><testcase classname="tests.test_edit.TestBatchEdit" name="test_batch_edit_with_move" time="0.001" /><testcase classname="tests.test_edit.TestBatchEdit" name="test_batch_edit_dry_run" time="0.000" /><testcase classname="tests.test_example_cmd.TestExampleCommand" name="test_example_default_output" time="0.000" /><testcase classname="tests.test_example_cmd.TestExampleCommand" name="test_example_requirement_subcommand" time="0.000" /><testcase classname="tests.test_example_cmd.TestExampleCommand" name="test_example_journey_subcommand" time="0.000" /><testcase classname="tests.test_example_cmd.TestExampleCommand" name="test_example_assertion_subcommand" time="0.000" /><testcase classname="tests.test_example_cmd.TestExampleCommand" name="test_example_ids_subcommand_no_config" time="0.000" /><testcase classname="tests.test_example_cmd.TestExampleCommand" name="test_example_ids_subcommand_with_config" time="0.001" /><testcase classname="tests.test_example_cmd.TestExampleCommand" name="test_example_full_no_spec_file" time="0.000" /><testcase classname="tests.test_example_cmd.TestExampleCommand" name="test_example_full_with_spec_file" time="0.000" /><testcase classname="tests.test_example_cmd.TestExampleCommand" name="test_example_full_with_alternate_filename" time="0.001" /><testcase classname="tests.test_example_cmd.TestExampleTemplateContent" name="test_requirement_template_has_assertions_section" time="0.000" /><testcase classname="tests.test_example_cmd.TestExampleTemplateContent" name="test_requirement_template_has_footer" time="0.000" /><testcase classname="tests.test_example_cmd.TestExampleTemplateContent" name="test_journey_template_has_required_sections" time="0.000" /><testcase classname="tests.test_example_cmd.TestExampleTemplateContent" name="test_assertion_rules_has_configuration" time="0.000" /><testcase classname="tests.test_example_cmd.TestCLIIntegration" name="test_cli_example_help" time="0.005" /><testcase classname="tests.test_example_cmd.TestCLIIntegration" name="test_cli_example_requirement" time="0.004" /><testcase classname="tests.test_example_cmd.TestCLIIntegration" name="test_cli_example_with_full_flag" time="0.046" /><testcase classname="tests.test_example_cmd.TestCLIIntegration" name="test_cli_main_help_includes_example" time="0.005" /><testcase classname="tests.test_health.TestHealthCheck" name="test_basic_creation" time="0.000" /><testcase classname="tests.test_health.TestHealthCheck" name="test_with_details" time="0.000" /><testcase classname="tests.test_health.TestHealthReport" name="test_empty_report" time="0.000" /><testcase classname="tests.test_health.TestHealthReport" name="test_all_passed" time="0.000" /><testcase classname="tests.test_health.TestHealthReport" name="test_with_errors" time="0.000" /><testcase classname="tests.test_health.TestHealthReport" name="test_warnings_dont_fail" time="0.000" /><testcase classname="tests.test_health.TestHealthReport" name="test_iter_by_category" time="0.000" /><testcase classname="tests.test_health.TestHealthReport" name="test_to_dict" time="0.000" /><testcase classname="tests.test_health.TestConfigChecks" name="test_required_fields_all_present" time="0.000" /><testcase classname="tests.test_health.TestConfigChecks" name="test_required_fields_missing" time="0.000" /><testcase classname="tests.test_health.TestConfigChecks" name="test_pattern_tokens_valid" time="0.000" /><testcase classname="tests.test_health.TestConfigChecks" name="test_pattern_tokens_invalid" time="0.000" /><testcase classname="tests.test_health.TestConfigChecks" name="test_hierarchy_rules_valid" time="0.000" /><testcase classname="tests.test_health.TestConfigChecks" name="test_paths_exist" time="0.000" /><testcase classname="tests.test_health.TestConfigChecks" name="test_paths_missing" time="0.000" /><testcase classname="tests.test_health.TestHealthCommand" name="test_config_only_flag" time="0.001" /><testcase classname="tests.test_health.TestHealthCommand" name="test_json_output_format" time="0.001" /><testcase classname="tests.test_health.TestHealthIntegration" name="test_full_health_check" time="0.001" /><testcase classname="tests.test_init.TestInitConfig" name="test_init_creates_config" time="0.001" /><testcase classname="tests.test_init.TestInitConfig" name="test_init_core_type" time="0.000" /><testcase classname="tests.test_init.TestInitConfig" name="test_init_associated_type" time="0.000" /><testcase classname="tests.test_init.TestInitConfig" name="test_init_associated_requires_prefix" time="0.000" /><testcase classname="tests.test_init.TestInitConfig" name="test_init_refuses_overwrite_without_force" time="0.001" /><testcase classname="tests.test_init.TestInitConfig" name="test_init_overwrites_with_force" time="0.001" /><testcase classname="tests.test_init.TestInitTemplate" name="test_init_template_creates_example" time="0.001" /><testcase classname="tests.test_init.TestInitTemplate" name="test_init_template_creates_spec_dir" time="0.000" /><testcase classname="tests.test_init.TestInitTemplate" name="test_init_template_refuses_overwrite" time="0.001" /><testcase classname="tests.test_init.TestInitTemplate" name="test_init_template_overwrites_with_force" time="0.000" /><testcase classname="tests.test_init.TestInitTemplate" name="test_init_template_uses_config_spec_dir" time="0.001" /><testcase classname="tests.test_init.TestInitTemplate" name="test_init_template_shows_next_steps" time="0.001" /><testcase classname="tests.test_init.TestInitCLIIntegration" name="test_cli_init_template_flag" time="0.004" /><testcase classname="tests.test_init.TestInitCLIIntegration" name="test_cli_init_template_with_force" time="0.004" /><testcase classname="tests.test_init.TestExampleRequirementContent" name="test_example_has_all_sections" time="0.000" /><testcase classname="tests.test_init.TestExampleRequirementContent" name="test_example_uses_shall_in_assertions" time="0.000" /><testcase classname="tests.test_init.TestExampleRequirementContent" name="test_example_includes_format_notes" time="0.000" /><testcase classname="tests.test_server_app.TestAppFactory" name="test_REQ_d00010_A_create_app_returns_flask_instance" time="0.003" /><testcase classname="tests.test_server_app.TestAppFactory" name="test_REQ_d00010_A_create_app_accepts_config" time="0.002" /><testcase classname="tests.test_server_app.TestGetStatus" name="test_REQ_d00010_A_status_returns_json" time="0.004" /><testcase classname="tests.test_server_app.TestGetStatus" name="test_REQ_d00010_A_status_contains_node_counts" time="0.003" /><testcase classname="tests.test_server_app.TestGetRequirement" name="test_REQ_d00010_A_requirement_found" time="0.003" /><testcase classname="tests.test_server_app.TestGetRequirement" name="test_REQ_d00010_A_requirement_not_found" time="0.003" /><testcase classname="tests.test_server_app.TestGetRequirement" name="test_REQ_d00010_A_requirement_includes_assertions" time="0.003" /><testcase classname="tests.test_server_app.TestGetHierarchy" name="test_REQ_d00010_A_hierarchy_found" time="0.003" /><testcase classname="tests.test_server_app.TestGetHierarchy" name="test_REQ_d00010_A_hierarchy_shows_children" time="0.003" /><testcase classname="tests.test_server_app.TestGetHierarchy" name="test_REQ_d00010_A_hierarchy_not_found" time="0.003" /><testcase classname="tests.test_server_app.TestGetSearch" name="test_REQ_d00010_A_search_by_query" time="0.003" /><testcase classname="tests.test_server_app.TestGetSearch" name="test_REQ_d00010_A_search_empty_query" time="0.003" /><testcase classname="tests.test_server_app.TestGetSearch" name="test_REQ_d00010_A_search_no_results" time="0.003" /><testcase classname="tests.test_server_app.TestGetSearch" name="test_REQ_d00010_A_search_with_field" time="0.003" /><testcase classname="tests.test_server_app.TestGetTestCoverage" name="test_REQ_d00010_A_test_coverage_found" time="0.003" /><testcase classname="tests.test_server_app.TestGetTestCoverage" name="test_REQ_d00010_A_test_coverage_assertion_has_tests" time="0.003" /><testcase classname="tests.test_server_app.TestGetTestCoverage" name="test_REQ_d00010_A_test_coverage_uncovered_assertion" time="0.003" /><testcase classname="tests.test_server_app.TestGetTestCoverage" name="test_REQ_d00010_A_test_coverage_stats" time="0.003" /><testcase classname="tests.test_server_app.TestGetTestCoverage" name="test_REQ_d00010_A_test_coverage_not_found" time="0.003" /><testcase classname="tests.test_server_app.TestGetTreeData" name="test_REQ_d00010_A_tree_data_returns_list" time="0.003" /><testcase classname="tests.test_server_app.TestGetTreeData" name="test_REQ_d00010_A_tree_data_row_structure" time="0.003" /><testcase classname="tests.test_server_app.TestGetTreeData" name="test_REQ_d00010_A_tree_data_hierarchy" time="0.003" /><testcase classname="tests.test_server_app.TestGetDirty" name="test_REQ_d00010_A_dirty_clean_graph" time="0.003" /><testcase classname="tests.test_server_app.TestGetDirty" name="test_REQ_d00010_A_dirty_after_mutation" time="0.003" /><testcase classname="tests.test_server_app.TestGetIndex" name="test_REQ_d00010_A_index_returns_200" time="0.031" /><testcase classname="tests.test_server_app.TestMutateStatus" name="test_REQ_d00010_A_change_status_success" time="0.003" /><testcase classname="tests.test_server_app.TestMutateStatus" name="test_REQ_d00010_A_change_status_missing_params" time="0.003" /><testcase classname="tests.test_server_app.TestMutateStatus" name="test_REQ_d00010_A_change_status_invalid_node" time="0.003" /><testcase classname="tests.test_server_app.TestMutateTitle" name="test_REQ_d00010_A_update_title_success" time="0.003" /><testcase classname="tests.test_server_app.TestMutateTitle" name="test_REQ_d00010_A_update_title_missing_params" time="0.003" /><testcase classname="tests.test_server_app.TestMutateAssertion" name="test_REQ_d00010_A_update_assertion_success" time="0.003" /><testcase classname="tests.test_server_app.TestMutateAssertion" name="test_REQ_d00010_A_update_assertion_missing_params" time="0.003" /><testcase classname="tests.test_server_app.TestMutateAssertionAdd" name="test_REQ_d00010_A_add_assertion_success" time="0.003" /><testcase classname="tests.test_server_app.TestMutateAssertionAdd" name="test_REQ_d00010_A_add_assertion_missing_params" time="0.003" /><testcase classname="tests.test_server_app.TestMutateEdge" name="test_REQ_d00010_A_edge_add" time="0.003" /><testcase classname="tests.test_server_app.TestMutateEdge" name="test_REQ_d00010_A_edge_change_kind" time="0.003" /><testcase classname="tests.test_server_app.TestMutateEdge" name="test_REQ_d00010_A_edge_delete" time="0.003" /><testcase classname="tests.test_server_app.TestMutateEdge" name="test_REQ_d00010_A_edge_unknown_action" time="0.003" /><testcase classname="tests.test_server_app.TestMutateEdge" name="test_REQ_d00010_A_edge_missing_action" time="0.003" /><testcase classname="tests.test_server_app.TestMutateEdge" name="test_REQ_d00010_A_edge_missing_ids" time="0.003" /><testcase classname="tests.test_server_app.TestMutateUndo" name="test_REQ_d00010_A_undo_with_no_mutations" time="0.003" /><testcase classname="tests.test_server_app.TestMutateUndo" name="test_REQ_d00010_A_undo_after_mutation" time="0.003" /><testcase classname="tests.test_server_app.TestPersistenceEndpoints" name="test_REQ_d00010_A_save_empty_log_succeeds" time="0.003" /><testcase classname="tests.test_server_app.TestPersistenceEndpoints" name="test_REQ_d00010_A_revert_returns_result" time="0.003" /><testcase classname="tests.test_server_app.TestPersistenceEndpoints" name="test_REQ_d00010_A_reload_returns_result" time="0.003" /><testcase classname="tests.test_server_app.TestGetFileContent" name="test_REQ_p00006_A_file_content_returns_highlighted_lines" time="0.005" /><testcase classname="tests.test_server_app.TestGetFileContent" name="test_REQ_p00006_A_file_content_mutation_tracking" time="0.006" /><testcase classname="tests.test_server_app.TestGetFileContent" name="test_REQ_p00006_A_file_content_missing_path" time="0.003" /><testcase classname="tests.test_server_app.TestGetFileContent" name="test_REQ_p00006_A_file_content_not_found" time="0.003" /><testcase classname="tests.test_server_app.TestCors" name="test_REQ_d00010_F_cors_headers_present" time="0.003" /><testcase classname="tests.test_server_app.TestCors" name="test_REQ_d00010_F_cors_preflight" time="0.003" /><testcase classname="tests.test_server_app.TestGetNode" name="test_REQ_d00010_A_node_requirement" time="0.003" /><testcase classname="tests.test_server_app.TestGetNode" name="test_REQ_d00010_A_node_not_found" time="0.003" /><testcase classname="tests.test_server_app.TestGetNode" name="test_REQ_d00010_A_node_assertion" time="0.003" /><testcase classname="tests.test_server_app.TestGetNode" name="test_REQ_d00010_A_node_common_envelope" time="0.003" /><testcase classname="tests.test_server_app.TestGetNode" name="test_REQ_d00010_A_node_journey" time="0.003" /><testcase classname="tests.test_server_app.TestApiQuery" name="test_REQ_d00010_A_query_by_kind" time="0.003" /><testcase classname="tests.test_server_app.TestApiQuery" name="test_REQ_d00010_A_query_by_level" time="0.003" /><testcase classname="tests.test_server_app.TestApiQuery" name="test_REQ_d00010_A_query_empty" time="0.003" /><testcase classname="tests.test_server_app.TestApiQuery" name="test_REQ_d00010_A_query_limit" time="0.003" /><testcase classname="tests.test_server_app.TestApiQuery" name="test_REQ_d00010_A_query_no_params" time="0.002" /><testcase classname="tests.test_server_app.TestTreeDataJourneys" name="test_REQ_d00010_A_tree_data_includes_journeys" time="0.003" /><testcase classname="tests.test_server_app.TestCLIWiring" name="test_REQ_d00010_A_review_mode_still_not_implemented" time="0.000" /><testcase classname="tests.test_server_app.TestCLIWiring" name="test_REQ_d00010_A_server_flag_calls_run_server" time="0.000" /><testcase classname="tests.test_server_app.TestCLIWiring" name="test_REQ_d00010_A_edit_mode_flag_calls_run_server_with_browser" time="0.000" /><testcase classname="tests.test_server_persistence.TestReplayChangeStatus" name="test_REQ_o00063_A_replay_change_status" time="0.001" /><testcase classname="tests.test_server_persistence.TestReplayChangeStatus" name="test_REQ_o00063_A_replay_clears_mutation_log" time="0.001" /><testcase classname="tests.test_server_persistence.TestReplayUpdateTitle" name="test_REQ_o00063_G_replay_update_title" time="0.000" /><testcase classname="tests.test_server_persistence.TestReplayUpdateAssertion" name="test_REQ_o00063_H_replay_update_assertion" time="0.001" /><testcase classname="tests.test_server_persistence.TestReplayAddAssertion" name="test_REQ_o00063_I_replay_add_assertion" time="0.001" /><testcase classname="tests.test_server_persistence.TestReplayEdgeMutations" name="test_REQ_o00063_A_replay_add_edge_coalesces" time="0.000" /><testcase classname="tests.test_server_persistence.TestReplayEdgeMutations" name="test_REQ_o00063_A_replay_delete_edge_coalesces" time="0.000" /><testcase classname="tests.test_server_persistence.TestReplayEdgeMutations" name="test_REQ_o00063_A_replay_change_edge_kind" time="0.000" /><testcase classname="tests.test_server_persistence.TestConflictDetection" name="test_REQ_o00063_F_detect_external_changes" time="0.001" /><testcase classname="tests.test_server_persistence.TestConflictDetection" name="test_REQ_o00063_F_no_conflicts_when_unmodified" time="0.000" /><testcase classname="tests.test_server_persistence.TestConflictDetection" name="test_REQ_o00063_F_replay_aborts_on_conflict" time="0.000" /><testcase classname="tests.test_server_persistence.TestMultipleMutationsSameReq" name="test_REQ_o00063_A_multiple_mutations_same_req" time="0.001" /><testcase classname="tests.test_server_persistence.TestMultipleMutationsSameReq" name="test_REQ_o00063_A_multiple_mutations_different_reqs" time="0.001" /><testcase classname="tests.test_server_persistence.TestNoSourceFile" name="test_REQ_o00063_A_skips_node_without_source" time="0.000" /><testcase classname="tests.test_server_persistence.TestEmptyMutationLog" name="test_REQ_o00063_F_empty_log_is_noop" time="0.000" /><testcase classname="tests.test_server_persistence.TestEdgeCoalescing" name="test_REQ_o00063_A_add_then_delete_edge_coalesces" time="0.000" /><testcase classname="tests.test_server_persistence.TestEdgeCoalescing" name="test_REQ_o00063_A_multiple_edge_adds_coalesce" time="0.000" /><testcase classname="tests.test_trace_command.TestTraceCommand" name="test_trace_markdown_format" time="0.121" /><testcase classname="tests.test_trace_command.TestTraceCommand" name="test_trace_html_format" time="0.159" /><testcase classname="tests.test_trace_command.TestTraceCommand" name="test_trace_json_format" time="0.119" /><testcase classname="tests.test_trace_command.TestTraceCommand" name="test_trace_csv_format" time="0.160" /><testcase classname="tests.test_trace_command.TestTraceViewCommand" name="test_trace_view_generates_interactive_html" time="0.268" /><testcase classname="tests.test_trace_command.TestTraceViewCommand" name="test_trace_view_default_output_path" time="0.030" /><testcase classname="tests.test_trace_command.TestTraceViewCommand" name="test_trace_view_with_embed_content" time="1.250" /><testcase classname="tests.test_trace_command.TestTraceReportPresets" name="test_report_minimal_has_fewer_columns" time="0.171" /><testcase classname="tests.test_trace_command.TestTraceReportPresets" name="test_report_standard_has_default_columns" time="0.115" /><testcase classname="tests.test_trace_command.TestTraceReportPresets" name="test_report_full_has_all_columns" time="0.161" /><testcase classname="tests.test_trace_command.TestTraceReportPresets" name="test_report_full_json_includes_assertions" time="0.117" /><testcase classname="tests.test_trace_command.TestTraceReportPresets" name="test_report_minimal_json_excludes_assertions" time="0.166" /><testcase classname="tests.test_trace_command.TestTraceReportPresets" name="test_report_invalid_preset_returns_error" time="0.001" /><testcase classname="tests.test_trace_command.TestTraceReportPresets" name="test_report_default_is_standard" time="0.280" /><testcase classname="tests.test_trace_command.TestTraceAdvancedFeaturesNotImplemented" name="test_edit_mode_delegates_to_server" time="0.001" /><testcase classname="tests.test_trace_command.TestTraceAdvancedFeaturesNotImplemented" name="test_review_mode_not_implemented" time="0.001" /><testcase classname="tests.test_trace_command.TestTraceAdvancedFeaturesNotImplemented" name="test_server_delegates_to_run_server" time="0.002" /></testsuite></testsuites>